{"/home/arthurgustavo/projects/js-ts/pic-pay/src/index.ts": {"path":"/home/arthurgustavo/projects/js-ts/pic-pay/src/index.ts","all":true,"statementMap":{"0":{"start":{"line":1,"column":0},"end":{"line":1,"column":17}},"1":{"start":{"line":2,"column":0},"end":{"line":2,"column":33}},"2":{"start":{"line":3,"column":0},"end":{"line":3,"column":1}},"4":{"start":{"line":5,"column":0},"end":{"line":5,"column":7}}},"s":{"0":0,"1":0,"2":0,"4":0},"branchMap":{"0":{"type":"branch","line":1,"loc":{"start":{"line":1,"column":62},"end":{"line":5,"column":7}},"locations":[{"start":{"line":1,"column":62},"end":{"line":5,"column":7}}]}},"b":{"0":[0]},"fnMap":{"0":{"name":"(empty-report)","decl":{"start":{"line":1,"column":62},"end":{"line":5,"column":7}},"loc":{"start":{"line":1,"column":62},"end":{"line":5,"column":7}},"line":1}},"f":{"0":0}}
,"/home/arthurgustavo/projects/js-ts/pic-pay/src/domain/authorize/authorizer-service.ts": {"path":"/home/arthurgustavo/projects/js-ts/pic-pay/src/domain/authorize/authorizer-service.ts","all":true,"statementMap":{"0":{"start":{"line":1,"column":0},"end":{"line":1,"column":57}},"8":{"start":{"line":9,"column":0},"end":{"line":9,"column":25}},"11":{"start":{"line":12,"column":0},"end":{"line":12,"column":41}},"12":{"start":{"line":13,"column":0},"end":{"line":13,"column":37}},"13":{"start":{"line":14,"column":0},"end":{"line":14,"column":5}},"15":{"start":{"line":16,"column":0},"end":{"line":16,"column":78}},"16":{"start":{"line":17,"column":0},"end":{"line":17,"column":80}},"18":{"start":{"line":19,"column":0},"end":{"line":19,"column":54}},"20":{"start":{"line":21,"column":0},"end":{"line":21,"column":21}},"21":{"start":{"line":22,"column":0},"end":{"line":22,"column":5}},"22":{"start":{"line":23,"column":0},"end":{"line":23,"column":1}}},"s":{"0":0,"8":0,"11":0,"12":0,"13":0,"15":0,"16":0,"18":0,"20":0,"21":0,"22":0},"branchMap":{"0":{"type":"branch","line":1,"loc":{"start":{"line":1,"column":623},"end":{"line":25,"column":29}},"locations":[{"start":{"line":1,"column":623},"end":{"line":25,"column":29}}]}},"b":{"0":[0]},"fnMap":{"0":{"name":"(empty-report)","decl":{"start":{"line":1,"column":623},"end":{"line":25,"column":29}},"loc":{"start":{"line":1,"column":623},"end":{"line":25,"column":29}},"line":1}},"f":{"0":0}}
,"/home/arthurgustavo/projects/js-ts/pic-pay/src/domain/transaction/transaction-repository.ts": {"path":"/home/arthurgustavo/projects/js-ts/pic-pay/src/domain/transaction/transaction-repository.ts","all":false,"statementMap":{"3":{"start":{"line":4,"column":0},"end":{"line":4,"column":38}},"8":{"start":{"line":9,"column":0},"end":{"line":9,"column":1}}},"s":{"3":1,"8":1},"branchMap":{},"b":{},"fnMap":{},"f":{}}
,"/home/arthurgustavo/projects/js-ts/pic-pay/src/domain/transaction/transaction.ts": {"path":"/home/arthurgustavo/projects/js-ts/pic-pay/src/domain/transaction/transaction.ts","all":false,"statementMap":{"0":{"start":{"line":1,"column":0},"end":{"line":1,"column":45}},"1":{"start":{"line":2,"column":0},"end":{"line":2,"column":41}},"2":{"start":{"line":3,"column":0},"end":{"line":3,"column":58}},"4":{"start":{"line":5,"column":0},"end":{"line":5,"column":20}},"5":{"start":{"line":6,"column":0},"end":{"line":6,"column":24}},"6":{"start":{"line":7,"column":0},"end":{"line":7,"column":26}},"7":{"start":{"line":8,"column":0},"end":{"line":8,"column":26}},"25":{"start":{"line":26,"column":0},"end":{"line":26,"column":49}},"29":{"start":{"line":30,"column":0},"end":{"line":30,"column":47}},"30":{"start":{"line":31,"column":0},"end":{"line":31,"column":44}},"32":{"start":{"line":33,"column":0},"end":{"line":33,"column":24}},"33":{"start":{"line":34,"column":0},"end":{"line":34,"column":59}},"34":{"start":{"line":35,"column":0},"end":{"line":35,"column":20}},"35":{"start":{"line":36,"column":0},"end":{"line":36,"column":7}},"36":{"start":{"line":37,"column":0},"end":{"line":37,"column":18}},"38":{"start":{"line":39,"column":0},"end":{"line":39,"column":32}},"39":{"start":{"line":40,"column":0},"end":{"line":40,"column":32}},"40":{"start":{"line":41,"column":0},"end":{"line":41,"column":30}},"41":{"start":{"line":42,"column":0},"end":{"line":42,"column":5}},"43":{"start":{"line":44,"column":0},"end":{"line":44,"column":81}},"44":{"start":{"line":45,"column":0},"end":{"line":45,"column":42}},"45":{"start":{"line":46,"column":0},"end":{"line":46,"column":49}},"46":{"start":{"line":47,"column":0},"end":{"line":47,"column":9}},"47":{"start":{"line":48,"column":0},"end":{"line":48,"column":54}},"49":{"start":{"line":50,"column":0},"end":{"line":50,"column":38}},"50":{"start":{"line":51,"column":0},"end":{"line":51,"column":5}},"52":{"start":{"line":53,"column":0},"end":{"line":53,"column":19}},"53":{"start":{"line":54,"column":0},"end":{"line":54,"column":29}},"54":{"start":{"line":55,"column":0},"end":{"line":55,"column":5}},"56":{"start":{"line":57,"column":0},"end":{"line":57,"column":19}},"57":{"start":{"line":58,"column":0},"end":{"line":58,"column":29}},"58":{"start":{"line":59,"column":0},"end":{"line":59,"column":5}},"60":{"start":{"line":61,"column":0},"end":{"line":61,"column":18}},"61":{"start":{"line":62,"column":0},"end":{"line":62,"column":28}},"62":{"start":{"line":63,"column":0},"end":{"line":63,"column":5}},"64":{"start":{"line":65,"column":0},"end":{"line":65,"column":18}},"65":{"start":{"line":66,"column":0},"end":{"line":66,"column":28}},"66":{"start":{"line":67,"column":0},"end":{"line":67,"column":5}},"68":{"start":{"line":69,"column":0},"end":{"line":69,"column":21}},"69":{"start":{"line":70,"column":0},"end":{"line":70,"column":31}},"70":{"start":{"line":71,"column":0},"end":{"line":71,"column":5}},"72":{"start":{"line":73,"column":0},"end":{"line":73,"column":15}},"73":{"start":{"line":74,"column":0},"end":{"line":74,"column":39}},"74":{"start":{"line":75,"column":0},"end":{"line":75,"column":5}},"76":{"start":{"line":77,"column":0},"end":{"line":77,"column":14}},"77":{"start":{"line":78,"column":0},"end":{"line":78,"column":39}},"78":{"start":{"line":79,"column":0},"end":{"line":79,"column":5}},"79":{"start":{"line":80,"column":0},"end":{"line":80,"column":1}}},"s":{"0":1,"1":1,"2":1,"4":1,"5":1,"6":1,"7":1,"25":1,"29":1,"30":1,"32":1,"33":10,"34":10,"35":10,"36":10,"38":10,"39":10,"40":10,"41":10,"43":1,"44":11,"45":1,"46":1,"47":10,"49":10,"50":11,"52":1,"53":3,"54":3,"56":1,"57":3,"58":3,"60":1,"61":4,"62":4,"64":1,"65":3,"66":3,"68":1,"69":1,"70":1,"72":1,"73":2,"74":2,"76":1,"77":1,"78":1,"79":1},"branchMap":{"0":{"type":"branch","line":5,"loc":{"start":{"line":5,"column":7},"end":{"line":5,"column":20}},"locations":[{"start":{"line":5,"column":7},"end":{"line":5,"column":20}}]},"1":{"type":"branch","line":33,"loc":{"start":{"line":33,"column":12},"end":{"line":42,"column":5}},"locations":[{"start":{"line":33,"column":12},"end":{"line":42,"column":5}}]},"2":{"type":"branch","line":44,"loc":{"start":{"line":44,"column":11},"end":{"line":51,"column":5}},"locations":[{"start":{"line":44,"column":11},"end":{"line":51,"column":5}}]},"3":{"type":"branch","line":45,"loc":{"start":{"line":45,"column":41},"end":{"line":47,"column":9}},"locations":[{"start":{"line":45,"column":41},"end":{"line":47,"column":9}}]},"4":{"type":"branch","line":47,"loc":{"start":{"line":47,"column":8},"end":{"line":50,"column":38}},"locations":[{"start":{"line":47,"column":8},"end":{"line":50,"column":38}}]},"5":{"type":"branch","line":53,"loc":{"start":{"line":53,"column":4},"end":{"line":55,"column":5}},"locations":[{"start":{"line":53,"column":4},"end":{"line":55,"column":5}}]},"6":{"type":"branch","line":57,"loc":{"start":{"line":57,"column":4},"end":{"line":59,"column":5}},"locations":[{"start":{"line":57,"column":4},"end":{"line":59,"column":5}}]},"7":{"type":"branch","line":61,"loc":{"start":{"line":61,"column":4},"end":{"line":63,"column":5}},"locations":[{"start":{"line":61,"column":4},"end":{"line":63,"column":5}}]},"8":{"type":"branch","line":65,"loc":{"start":{"line":65,"column":4},"end":{"line":67,"column":5}},"locations":[{"start":{"line":65,"column":4},"end":{"line":67,"column":5}}]},"9":{"type":"branch","line":69,"loc":{"start":{"line":69,"column":4},"end":{"line":71,"column":5}},"locations":[{"start":{"line":69,"column":4},"end":{"line":71,"column":5}}]},"10":{"type":"branch","line":73,"loc":{"start":{"line":73,"column":4},"end":{"line":75,"column":5}},"locations":[{"start":{"line":73,"column":4},"end":{"line":75,"column":5}}]},"11":{"type":"branch","line":77,"loc":{"start":{"line":77,"column":4},"end":{"line":79,"column":5}},"locations":[{"start":{"line":77,"column":4},"end":{"line":79,"column":5}}]}},"b":{"0":[12],"1":[10],"2":[11],"3":[1],"4":[10],"5":[3],"6":[3],"7":[4],"8":[3],"9":[1],"10":[2],"11":[1]},"fnMap":{"0":{"name":"Transaction","decl":{"start":{"line":33,"column":12},"end":{"line":42,"column":5}},"loc":{"start":{"line":33,"column":12},"end":{"line":42,"column":5}},"line":33},"1":{"name":"create","decl":{"start":{"line":44,"column":11},"end":{"line":51,"column":5}},"loc":{"start":{"line":44,"column":11},"end":{"line":51,"column":5}},"line":44},"2":{"name":"get payerId","decl":{"start":{"line":53,"column":4},"end":{"line":55,"column":5}},"loc":{"start":{"line":53,"column":4},"end":{"line":55,"column":5}},"line":53},"3":{"name":"get payeeId","decl":{"start":{"line":57,"column":4},"end":{"line":59,"column":5}},"loc":{"start":{"line":57,"column":4},"end":{"line":59,"column":5}},"line":57},"4":{"name":"get amount","decl":{"start":{"line":61,"column":4},"end":{"line":63,"column":5}},"loc":{"start":{"line":61,"column":4},"end":{"line":63,"column":5}},"line":61},"5":{"name":"get status","decl":{"start":{"line":65,"column":4},"end":{"line":67,"column":5}},"loc":{"start":{"line":65,"column":4},"end":{"line":67,"column":5}},"line":65},"6":{"name":"get createdAt","decl":{"start":{"line":69,"column":4},"end":{"line":71,"column":5}},"loc":{"start":{"line":69,"column":4},"end":{"line":71,"column":5}},"line":69},"7":{"name":"approve","decl":{"start":{"line":73,"column":4},"end":{"line":75,"column":5}},"loc":{"start":{"line":73,"column":4},"end":{"line":75,"column":5}},"line":73},"8":{"name":"reject","decl":{"start":{"line":77,"column":4},"end":{"line":79,"column":5}},"loc":{"start":{"line":77,"column":4},"end":{"line":79,"column":5}},"line":77}},"f":{"0":10,"1":11,"2":3,"3":3,"4":4,"5":3,"6":1,"7":2,"8":1}}
,"/home/arthurgustavo/projects/js-ts/pic-pay/src/domain/transaction/services/create-transaction.ts": {"path":"/home/arthurgustavo/projects/js-ts/pic-pay/src/domain/transaction/services/create-transaction.ts","all":false,"statementMap":{"0":{"start":{"line":1,"column":0},"end":{"line":1,"column":44}},"2":{"start":{"line":3,"column":0},"end":{"line":3,"column":73}},"3":{"start":{"line":4,"column":0},"end":{"line":4,"column":59}},"8":{"start":{"line":9,"column":0},"end":{"line":9,"column":102}},"9":{"start":{"line":10,"column":0},"end":{"line":10,"column":16}},"10":{"start":{"line":11,"column":0},"end":{"line":11,"column":60}},"11":{"start":{"line":12,"column":0},"end":{"line":12,"column":69}},"12":{"start":{"line":13,"column":0},"end":{"line":13,"column":9}},"14":{"start":{"line":15,"column":0},"end":{"line":15,"column":84}},"15":{"start":{"line":16,"column":0},"end":{"line":16,"column":93}},"17":{"start":{"line":18,"column":0},"end":{"line":18,"column":27}},"18":{"start":{"line":19,"column":0},"end":{"line":19,"column":56}},"19":{"start":{"line":20,"column":0},"end":{"line":20,"column":9}},"21":{"start":{"line":22,"column":0},"end":{"line":22,"column":30}},"22":{"start":{"line":23,"column":0},"end":{"line":23,"column":59}},"24":{"start":{"line":25,"column":0},"end":{"line":25,"column":27}},"25":{"start":{"line":26,"column":0},"end":{"line":26,"column":5}},"27":{"start":{"line":28,"column":0},"end":{"line":28,"column":83}},"28":{"start":{"line":29,"column":0},"end":{"line":29,"column":93}},"30":{"start":{"line":31,"column":0},"end":{"line":31,"column":27}},"31":{"start":{"line":32,"column":0},"end":{"line":32,"column":56}},"32":{"start":{"line":33,"column":0},"end":{"line":33,"column":9}},"34":{"start":{"line":35,"column":0},"end":{"line":35,"column":29}},"35":{"start":{"line":36,"column":0},"end":{"line":36,"column":59}},"37":{"start":{"line":38,"column":0},"end":{"line":38,"column":27}},"38":{"start":{"line":39,"column":0},"end":{"line":39,"column":5}},"40":{"start":{"line":41,"column":0},"end":{"line":41,"column":88}},"41":{"start":{"line":42,"column":0},"end":{"line":42,"column":90}},"42":{"start":{"line":43,"column":0},"end":{"line":43,"column":46}},"44":{"start":{"line":45,"column":0},"end":{"line":45,"column":36}},"45":{"start":{"line":46,"column":0},"end":{"line":46,"column":50}},"46":{"start":{"line":47,"column":0},"end":{"line":47,"column":9}},"48":{"start":{"line":49,"column":0},"end":{"line":49,"column":40}},"50":{"start":{"line":51,"column":0},"end":{"line":51,"column":90}},"52":{"start":{"line":53,"column":0},"end":{"line":53,"column":36}},"53":{"start":{"line":54,"column":0},"end":{"line":54,"column":50}},"54":{"start":{"line":55,"column":0},"end":{"line":55,"column":9}},"56":{"start":{"line":57,"column":0},"end":{"line":57,"column":65}},"58":{"start":{"line":59,"column":0},"end":{"line":59,"column":32}},"59":{"start":{"line":60,"column":0},"end":{"line":60,"column":69}},"60":{"start":{"line":61,"column":0},"end":{"line":61,"column":9}},"62":{"start":{"line":63,"column":0},"end":{"line":63,"column":58}},"63":{"start":{"line":64,"column":0},"end":{"line":64,"column":53}},"64":{"start":{"line":65,"column":0},"end":{"line":65,"column":9}},"66":{"start":{"line":67,"column":0},"end":{"line":67,"column":80}},"68":{"start":{"line":69,"column":0},"end":{"line":69,"column":31}},"69":{"start":{"line":70,"column":0},"end":{"line":70,"column":55}},"70":{"start":{"line":71,"column":0},"end":{"line":71,"column":9}},"72":{"start":{"line":73,"column":0},"end":{"line":73,"column":41}},"74":{"start":{"line":75,"column":0},"end":{"line":75,"column":28}},"76":{"start":{"line":77,"column":0},"end":{"line":77,"column":87}},"78":{"start":{"line":79,"column":0},"end":{"line":79,"column":43}},"79":{"start":{"line":80,"column":0},"end":{"line":80,"column":57}},"80":{"start":{"line":81,"column":0},"end":{"line":81,"column":67}},"81":{"start":{"line":82,"column":0},"end":{"line":82,"column":9}},"83":{"start":{"line":84,"column":0},"end":{"line":84,"column":40}},"85":{"start":{"line":86,"column":0},"end":{"line":86,"column":29}},"87":{"start":{"line":88,"column":0},"end":{"line":88,"column":88}},"89":{"start":{"line":90,"column":0},"end":{"line":90,"column":44}},"90":{"start":{"line":91,"column":0},"end":{"line":91,"column":57}},"91":{"start":{"line":92,"column":0},"end":{"line":92,"column":68}},"92":{"start":{"line":93,"column":0},"end":{"line":93,"column":9}},"94":{"start":{"line":95,"column":0},"end":{"line":95,"column":89}},"96":{"start":{"line":97,"column":0},"end":{"line":97,"column":51}},"97":{"start":{"line":98,"column":0},"end":{"line":98,"column":57}},"98":{"start":{"line":99,"column":0},"end":{"line":99,"column":75}},"99":{"start":{"line":100,"column":0},"end":{"line":100,"column":9}},"101":{"start":{"line":102,"column":0},"end":{"line":102,"column":38}},"102":{"start":{"line":103,"column":0},"end":{"line":103,"column":5}},"161":{"start":{"line":162,"column":0},"end":{"line":162,"column":1}}},"s":{"0":1,"2":1,"3":1,"8":1,"9":1,"10":5,"11":5,"12":5,"14":1,"15":1,"17":1,"18":0,"19":0,"21":1,"22":1,"24":1,"25":1,"27":1,"28":0,"30":0,"31":0,"32":0,"34":0,"35":0,"37":0,"38":0,"40":1,"41":5,"42":5,"44":5,"45":1,"46":1,"48":4,"50":4,"52":5,"53":1,"54":1,"56":3,"58":5,"59":1,"60":1,"62":5,"63":1,"64":1,"66":1,"68":5,"69":0,"70":0,"72":1,"74":1,"76":1,"78":5,"79":0,"80":0,"81":0,"83":1,"85":1,"87":1,"89":5,"90":0,"91":0,"92":0,"94":1,"96":5,"97":0,"98":0,"99":0,"101":1,"102":5,"161":1},"branchMap":{"0":{"type":"branch","line":10,"loc":{"start":{"line":10,"column":4},"end":{"line":13,"column":9}},"locations":[{"start":{"line":10,"column":4},"end":{"line":13,"column":9}}]},"1":{"type":"branch","line":15,"loc":{"start":{"line":15,"column":4},"end":{"line":26,"column":5}},"locations":[{"start":{"line":15,"column":4},"end":{"line":26,"column":5}}]},"2":{"type":"branch","line":18,"loc":{"start":{"line":18,"column":26},"end":{"line":20,"column":9}},"locations":[{"start":{"line":18,"column":26},"end":{"line":20,"column":9}}]},"3":{"type":"branch","line":41,"loc":{"start":{"line":41,"column":4},"end":{"line":103,"column":5}},"locations":[{"start":{"line":41,"column":4},"end":{"line":103,"column":5}}]},"4":{"type":"branch","line":45,"loc":{"start":{"line":45,"column":35},"end":{"line":47,"column":9}},"locations":[{"start":{"line":45,"column":35},"end":{"line":47,"column":9}}]},"5":{"type":"branch","line":47,"loc":{"start":{"line":47,"column":8},"end":{"line":53,"column":35}},"locations":[{"start":{"line":47,"column":8},"end":{"line":53,"column":35}}]},"6":{"type":"branch","line":53,"loc":{"start":{"line":53,"column":35},"end":{"line":55,"column":9}},"locations":[{"start":{"line":53,"column":35},"end":{"line":55,"column":9}}]},"7":{"type":"branch","line":55,"loc":{"start":{"line":55,"column":8},"end":{"line":59,"column":31}},"locations":[{"start":{"line":55,"column":8},"end":{"line":59,"column":31}}]},"8":{"type":"branch","line":59,"loc":{"start":{"line":59,"column":31},"end":{"line":61,"column":9}},"locations":[{"start":{"line":59,"column":31},"end":{"line":61,"column":9}}]},"9":{"type":"branch","line":61,"loc":{"start":{"line":61,"column":8},"end":{"line":63,"column":57}},"locations":[{"start":{"line":61,"column":8},"end":{"line":63,"column":57}}]},"10":{"type":"branch","line":63,"loc":{"start":{"line":63,"column":57},"end":{"line":69,"column":30}},"locations":[{"start":{"line":63,"column":57},"end":{"line":69,"column":30}}]},"11":{"type":"branch","line":69,"loc":{"start":{"line":69,"column":30},"end":{"line":71,"column":9}},"locations":[{"start":{"line":69,"column":30},"end":{"line":71,"column":9}}]},"12":{"type":"branch","line":71,"loc":{"start":{"line":71,"column":8},"end":{"line":79,"column":42}},"locations":[{"start":{"line":71,"column":8},"end":{"line":79,"column":42}}]},"13":{"type":"branch","line":79,"loc":{"start":{"line":79,"column":42},"end":{"line":82,"column":9}},"locations":[{"start":{"line":79,"column":42},"end":{"line":82,"column":9}}]},"14":{"type":"branch","line":82,"loc":{"start":{"line":82,"column":8},"end":{"line":90,"column":43}},"locations":[{"start":{"line":82,"column":8},"end":{"line":90,"column":43}}]},"15":{"type":"branch","line":90,"loc":{"start":{"line":90,"column":43},"end":{"line":93,"column":9}},"locations":[{"start":{"line":90,"column":43},"end":{"line":93,"column":9}}]},"16":{"type":"branch","line":93,"loc":{"start":{"line":93,"column":8},"end":{"line":97,"column":50}},"locations":[{"start":{"line":93,"column":8},"end":{"line":97,"column":50}}]},"17":{"type":"branch","line":97,"loc":{"start":{"line":97,"column":50},"end":{"line":100,"column":9}},"locations":[{"start":{"line":97,"column":50},"end":{"line":100,"column":9}}]},"18":{"type":"branch","line":100,"loc":{"start":{"line":100,"column":8},"end":{"line":102,"column":38}},"locations":[{"start":{"line":100,"column":8},"end":{"line":102,"column":38}}]}},"b":{"0":[5],"1":[1],"2":[0],"3":[5],"4":[1],"5":[4],"6":[1],"7":[3],"8":[1],"9":[2],"10":[1],"11":[0],"12":[1],"13":[0],"14":[1],"15":[0],"16":[1],"17":[0],"18":[1]},"fnMap":{"0":{"name":"CreateTransaction","decl":{"start":{"line":10,"column":4},"end":{"line":13,"column":9}},"loc":{"start":{"line":10,"column":4},"end":{"line":13,"column":9}},"line":10},"1":{"name":"approveTransaction","decl":{"start":{"line":15,"column":4},"end":{"line":26,"column":5}},"loc":{"start":{"line":15,"column":4},"end":{"line":26,"column":5}},"line":15},"2":{"name":"rejectTransaction","decl":{"start":{"line":28,"column":4},"end":{"line":39,"column":5}},"loc":{"start":{"line":28,"column":4},"end":{"line":39,"column":5}},"line":28},"3":{"name":"execute","decl":{"start":{"line":41,"column":4},"end":{"line":103,"column":5}},"loc":{"start":{"line":41,"column":4},"end":{"line":103,"column":5}},"line":41}},"f":{"0":5,"1":1,"2":0,"3":5}}
,"/home/arthurgustavo/projects/js-ts/pic-pay/src/domain/wallet/wallet-repository.ts": {"path":"/home/arthurgustavo/projects/js-ts/pic-pay/src/domain/wallet/wallet-repository.ts","all":true,"statementMap":{"3":{"start":{"line":4,"column":0},"end":{"line":4,"column":40}},"11":{"start":{"line":12,"column":0},"end":{"line":12,"column":1}}},"s":{"3":0,"11":0},"branchMap":{"0":{"type":"branch","line":1,"loc":{"start":{"line":1,"column":637},"end":{"line":12,"column":1}},"locations":[{"start":{"line":1,"column":637},"end":{"line":12,"column":1}}]}},"b":{"0":[1]},"fnMap":{"0":{"name":"(empty-report)","decl":{"start":{"line":1,"column":637},"end":{"line":12,"column":1}},"loc":{"start":{"line":1,"column":637},"end":{"line":12,"column":1}},"line":1}},"f":{"0":1}}
,"/home/arthurgustavo/projects/js-ts/pic-pay/src/domain/wallet/wallet.ts": {"path":"/home/arthurgustavo/projects/js-ts/pic-pay/src/domain/wallet/wallet.ts","all":false,"statementMap":{"0":{"start":{"line":1,"column":0},"end":{"line":1,"column":45}},"1":{"start":{"line":2,"column":0},"end":{"line":2,"column":41}},"2":{"start":{"line":3,"column":0},"end":{"line":3,"column":71}},"25":{"start":{"line":26,"column":0},"end":{"line":26,"column":25}},"26":{"start":{"line":27,"column":0},"end":{"line":27,"column":15}},"27":{"start":{"line":28,"column":0},"end":{"line":28,"column":19}},"41":{"start":{"line":42,"column":0},"end":{"line":42,"column":44}},"49":{"start":{"line":50,"column":0},"end":{"line":50,"column":44}},"51":{"start":{"line":52,"column":0},"end":{"line":52,"column":24}},"52":{"start":{"line":53,"column":0},"end":{"line":53,"column":9}},"53":{"start":{"line":54,"column":0},"end":{"line":54,"column":17}},"54":{"start":{"line":55,"column":0},"end":{"line":55,"column":16}},"55":{"start":{"line":56,"column":0},"end":{"line":56,"column":20}},"56":{"start":{"line":57,"column":0},"end":{"line":57,"column":18}},"57":{"start":{"line":58,"column":0},"end":{"line":58,"column":21}},"58":{"start":{"line":59,"column":0},"end":{"line":59,"column":18}},"59":{"start":{"line":60,"column":0},"end":{"line":60,"column":23}},"60":{"start":{"line":61,"column":0},"end":{"line":61,"column":27}},"61":{"start":{"line":62,"column":0},"end":{"line":62,"column":20}},"62":{"start":{"line":63,"column":0},"end":{"line":63,"column":7}},"63":{"start":{"line":64,"column":0},"end":{"line":64,"column":18}},"65":{"start":{"line":66,"column":0},"end":{"line":66,"column":32}},"66":{"start":{"line":67,"column":0},"end":{"line":67,"column":26}},"67":{"start":{"line":68,"column":0},"end":{"line":68,"column":24}},"68":{"start":{"line":69,"column":0},"end":{"line":69,"column":28}},"69":{"start":{"line":70,"column":0},"end":{"line":70,"column":28}},"70":{"start":{"line":71,"column":0},"end":{"line":71,"column":34}},"71":{"start":{"line":72,"column":0},"end":{"line":72,"column":38}},"72":{"start":{"line":73,"column":0},"end":{"line":73,"column":5}},"74":{"start":{"line":75,"column":0},"end":{"line":75,"column":18}},"75":{"start":{"line":76,"column":0},"end":{"line":76,"column":32}},"76":{"start":{"line":77,"column":0},"end":{"line":77,"column":20}},"77":{"start":{"line":78,"column":0},"end":{"line":78,"column":23}},"79":{"start":{"line":80,"column":0},"end":{"line":80,"column":38}},"80":{"start":{"line":81,"column":0},"end":{"line":81,"column":54}},"81":{"start":{"line":82,"column":0},"end":{"line":82,"column":9}},"83":{"start":{"line":84,"column":0},"end":{"line":84,"column":46}},"84":{"start":{"line":85,"column":0},"end":{"line":85,"column":58}},"85":{"start":{"line":86,"column":0},"end":{"line":86,"column":9}},"87":{"start":{"line":88,"column":0},"end":{"line":88,"column":42}},"88":{"start":{"line":89,"column":0},"end":{"line":89,"column":56}},"89":{"start":{"line":90,"column":0},"end":{"line":90,"column":9}},"91":{"start":{"line":92,"column":0},"end":{"line":92,"column":48}},"92":{"start":{"line":93,"column":0},"end":{"line":93,"column":5}},"94":{"start":{"line":95,"column":0},"end":{"line":95,"column":16}},"95":{"start":{"line":96,"column":0},"end":{"line":96,"column":26}},"96":{"start":{"line":97,"column":0},"end":{"line":97,"column":5}},"98":{"start":{"line":99,"column":0},"end":{"line":99,"column":15}},"99":{"start":{"line":100,"column":0},"end":{"line":100,"column":25}},"100":{"start":{"line":101,"column":0},"end":{"line":101,"column":5}},"102":{"start":{"line":103,"column":0},"end":{"line":103,"column":19}},"103":{"start":{"line":104,"column":0},"end":{"line":104,"column":29}},"104":{"start":{"line":105,"column":0},"end":{"line":105,"column":5}},"106":{"start":{"line":107,"column":0},"end":{"line":107,"column":17}},"107":{"start":{"line":108,"column":0},"end":{"line":108,"column":27}},"108":{"start":{"line":109,"column":0},"end":{"line":109,"column":5}},"110":{"start":{"line":111,"column":0},"end":{"line":111,"column":20}},"111":{"start":{"line":112,"column":0},"end":{"line":112,"column":30}},"112":{"start":{"line":113,"column":0},"end":{"line":113,"column":5}},"114":{"start":{"line":115,"column":0},"end":{"line":115,"column":17}},"115":{"start":{"line":116,"column":0},"end":{"line":116,"column":27}},"116":{"start":{"line":117,"column":0},"end":{"line":117,"column":5}},"118":{"start":{"line":119,"column":0},"end":{"line":119,"column":22}},"119":{"start":{"line":120,"column":0},"end":{"line":120,"column":32}},"120":{"start":{"line":121,"column":0},"end":{"line":121,"column":5}},"122":{"start":{"line":123,"column":0},"end":{"line":123,"column":21}},"123":{"start":{"line":124,"column":0},"end":{"line":124,"column":31}},"124":{"start":{"line":125,"column":0},"end":{"line":125,"column":5}},"126":{"start":{"line":127,"column":0},"end":{"line":127,"column":53}},"127":{"start":{"line":128,"column":0},"end":{"line":128,"column":52}},"128":{"start":{"line":129,"column":0},"end":{"line":129,"column":46}},"129":{"start":{"line":130,"column":0},"end":{"line":130,"column":9}},"131":{"start":{"line":132,"column":0},"end":{"line":132,"column":64}},"132":{"start":{"line":133,"column":0},"end":{"line":133,"column":50}},"133":{"start":{"line":134,"column":0},"end":{"line":134,"column":9}},"135":{"start":{"line":136,"column":0},"end":{"line":136,"column":58}},"136":{"start":{"line":137,"column":0},"end":{"line":137,"column":48}},"137":{"start":{"line":138,"column":0},"end":{"line":138,"column":9}},"139":{"start":{"line":140,"column":0},"end":{"line":140,"column":26}},"140":{"start":{"line":141,"column":0},"end":{"line":141,"column":37}},"141":{"start":{"line":142,"column":0},"end":{"line":142,"column":9}},"143":{"start":{"line":144,"column":0},"end":{"line":144,"column":25}},"144":{"start":{"line":145,"column":0},"end":{"line":145,"column":35}},"145":{"start":{"line":146,"column":0},"end":{"line":146,"column":9}},"147":{"start":{"line":148,"column":0},"end":{"line":148,"column":27}},"148":{"start":{"line":149,"column":0},"end":{"line":149,"column":39}},"149":{"start":{"line":150,"column":0},"end":{"line":150,"column":9}},"151":{"start":{"line":152,"column":0},"end":{"line":152,"column":27}},"152":{"start":{"line":153,"column":0},"end":{"line":153,"column":39}},"153":{"start":{"line":154,"column":0},"end":{"line":154,"column":9}},"155":{"start":{"line":156,"column":0},"end":{"line":156,"column":43}},"156":{"start":{"line":157,"column":0},"end":{"line":157,"column":43}},"157":{"start":{"line":158,"column":0},"end":{"line":158,"column":9}},"159":{"start":{"line":160,"column":0},"end":{"line":160,"column":30}},"160":{"start":{"line":161,"column":0},"end":{"line":161,"column":45}},"161":{"start":{"line":162,"column":0},"end":{"line":162,"column":9}},"163":{"start":{"line":164,"column":0},"end":{"line":164,"column":46}},"164":{"start":{"line":165,"column":0},"end":{"line":165,"column":49}},"165":{"start":{"line":166,"column":0},"end":{"line":166,"column":9}},"167":{"start":{"line":168,"column":0},"end":{"line":168,"column":31}},"168":{"start":{"line":169,"column":0},"end":{"line":169,"column":5}},"170":{"start":{"line":171,"column":0},"end":{"line":171,"column":42}},"171":{"start":{"line":172,"column":0},"end":{"line":172,"column":25}},"172":{"start":{"line":173,"column":0},"end":{"line":173,"column":49}},"173":{"start":{"line":174,"column":0},"end":{"line":174,"column":9}},"175":{"start":{"line":176,"column":0},"end":{"line":176,"column":32}},"177":{"start":{"line":178,"column":0},"end":{"line":178,"column":27}},"178":{"start":{"line":179,"column":0},"end":{"line":179,"column":5}},"180":{"start":{"line":181,"column":0},"end":{"line":181,"column":41}},"181":{"start":{"line":182,"column":0},"end":{"line":182,"column":36}},"182":{"start":{"line":183,"column":0},"end":{"line":183,"column":53}},"183":{"start":{"line":184,"column":0},"end":{"line":184,"column":9}},"185":{"start":{"line":186,"column":0},"end":{"line":186,"column":32}},"187":{"start":{"line":188,"column":0},"end":{"line":188,"column":27}},"188":{"start":{"line":189,"column":0},"end":{"line":189,"column":5}},"189":{"start":{"line":190,"column":0},"end":{"line":190,"column":1}}},"s":{"0":1,"1":1,"2":1,"25":1,"26":1,"27":1,"41":1,"49":1,"51":1,"52":64,"53":64,"54":64,"55":64,"56":64,"57":64,"58":64,"59":64,"60":64,"61":64,"62":64,"63":64,"65":64,"66":64,"67":64,"68":64,"69":64,"70":64,"71":64,"72":64,"74":1,"75":71,"76":71,"77":71,"79":71,"80":2,"81":2,"83":71,"84":3,"85":3,"87":71,"88":2,"89":2,"91":64,"92":71,"94":1,"95":53,"96":53,"98":1,"99":53,"100":53,"102":1,"103":58,"104":58,"106":1,"107":54,"108":54,"110":1,"111":47,"112":47,"114":1,"115":53,"116":53,"118":1,"119":56,"120":56,"122":1,"123":2,"124":2,"126":1,"127":9,"128":1,"129":1,"131":9,"132":2,"133":2,"135":9,"136":1,"137":1,"139":5,"140":4,"141":4,"143":5,"144":4,"145":4,"147":5,"148":4,"149":4,"151":5,"152":4,"153":4,"155":5,"156":5,"157":5,"159":5,"160":4,"161":4,"163":5,"164":4,"165":4,"167":5,"168":9,"170":1,"171":5,"172":1,"173":1,"175":4,"177":4,"178":5,"180":1,"181":4,"182":1,"183":1,"185":3,"187":3,"188":4,"189":1},"branchMap":{"0":{"type":"branch","line":26,"loc":{"start":{"line":26,"column":7},"end":{"line":26,"column":25}},"locations":[{"start":{"line":26,"column":7},"end":{"line":26,"column":25}}]},"1":{"type":"branch","line":52,"loc":{"start":{"line":52,"column":12},"end":{"line":73,"column":5}},"locations":[{"start":{"line":52,"column":12},"end":{"line":73,"column":5}}]},"2":{"type":"branch","line":75,"loc":{"start":{"line":75,"column":11},"end":{"line":93,"column":5}},"locations":[{"start":{"line":75,"column":11},"end":{"line":93,"column":5}}]},"3":{"type":"branch","line":80,"loc":{"start":{"line":80,"column":37},"end":{"line":82,"column":9}},"locations":[{"start":{"line":80,"column":37},"end":{"line":82,"column":9}}]},"4":{"type":"branch","line":82,"loc":{"start":{"line":82,"column":8},"end":{"line":84,"column":45}},"locations":[{"start":{"line":82,"column":8},"end":{"line":84,"column":45}}]},"5":{"type":"branch","line":84,"loc":{"start":{"line":84,"column":45},"end":{"line":88,"column":41}},"locations":[{"start":{"line":84,"column":45},"end":{"line":88,"column":41}}]},"6":{"type":"branch","line":84,"loc":{"start":{"line":84,"column":45},"end":{"line":86,"column":9}},"locations":[{"start":{"line":84,"column":45},"end":{"line":86,"column":9}}]},"7":{"type":"branch","line":86,"loc":{"start":{"line":86,"column":8},"end":{"line":88,"column":41}},"locations":[{"start":{"line":86,"column":8},"end":{"line":88,"column":41}}]},"8":{"type":"branch","line":88,"loc":{"start":{"line":88,"column":41},"end":{"line":90,"column":9}},"locations":[{"start":{"line":88,"column":41},"end":{"line":90,"column":9}}]},"9":{"type":"branch","line":90,"loc":{"start":{"line":90,"column":8},"end":{"line":92,"column":48}},"locations":[{"start":{"line":90,"column":8},"end":{"line":92,"column":48}}]},"10":{"type":"branch","line":95,"loc":{"start":{"line":95,"column":4},"end":{"line":97,"column":5}},"locations":[{"start":{"line":95,"column":4},"end":{"line":97,"column":5}}]},"11":{"type":"branch","line":99,"loc":{"start":{"line":99,"column":4},"end":{"line":101,"column":5}},"locations":[{"start":{"line":99,"column":4},"end":{"line":101,"column":5}}]},"12":{"type":"branch","line":103,"loc":{"start":{"line":103,"column":4},"end":{"line":105,"column":5}},"locations":[{"start":{"line":103,"column":4},"end":{"line":105,"column":5}}]},"13":{"type":"branch","line":107,"loc":{"start":{"line":107,"column":4},"end":{"line":109,"column":5}},"locations":[{"start":{"line":107,"column":4},"end":{"line":109,"column":5}}]},"14":{"type":"branch","line":111,"loc":{"start":{"line":111,"column":4},"end":{"line":113,"column":5}},"locations":[{"start":{"line":111,"column":4},"end":{"line":113,"column":5}}]},"15":{"type":"branch","line":115,"loc":{"start":{"line":115,"column":4},"end":{"line":117,"column":5}},"locations":[{"start":{"line":115,"column":4},"end":{"line":117,"column":5}}]},"16":{"type":"branch","line":119,"loc":{"start":{"line":119,"column":4},"end":{"line":121,"column":5}},"locations":[{"start":{"line":119,"column":4},"end":{"line":121,"column":5}}]},"17":{"type":"branch","line":123,"loc":{"start":{"line":123,"column":4},"end":{"line":125,"column":5}},"locations":[{"start":{"line":123,"column":4},"end":{"line":125,"column":5}}]},"18":{"type":"branch","line":127,"loc":{"start":{"line":127,"column":4},"end":{"line":169,"column":5}},"locations":[{"start":{"line":127,"column":4},"end":{"line":169,"column":5}}]},"19":{"type":"branch","line":128,"loc":{"start":{"line":128,"column":19},"end":{"line":128,"column":51}},"locations":[{"start":{"line":128,"column":19},"end":{"line":128,"column":51}}]},"20":{"type":"branch","line":128,"loc":{"start":{"line":128,"column":51},"end":{"line":130,"column":9}},"locations":[{"start":{"line":128,"column":51},"end":{"line":130,"column":9}}]},"21":{"type":"branch","line":130,"loc":{"start":{"line":130,"column":8},"end":{"line":132,"column":63}},"locations":[{"start":{"line":130,"column":8},"end":{"line":132,"column":63}}]},"22":{"type":"branch","line":132,"loc":{"start":{"line":132,"column":63},"end":{"line":136,"column":57}},"locations":[{"start":{"line":132,"column":63},"end":{"line":136,"column":57}}]},"23":{"type":"branch","line":132,"loc":{"start":{"line":132,"column":63},"end":{"line":134,"column":9}},"locations":[{"start":{"line":132,"column":63},"end":{"line":134,"column":9}}]},"24":{"type":"branch","line":134,"loc":{"start":{"line":134,"column":8},"end":{"line":136,"column":57}},"locations":[{"start":{"line":134,"column":8},"end":{"line":136,"column":57}}]},"25":{"type":"branch","line":136,"loc":{"start":{"line":136,"column":19},"end":{"line":136,"column":57}},"locations":[{"start":{"line":136,"column":19},"end":{"line":136,"column":57}}]},"26":{"type":"branch","line":136,"loc":{"start":{"line":136,"column":57},"end":{"line":168,"column":31}},"locations":[{"start":{"line":136,"column":57},"end":{"line":168,"column":31}}]},"27":{"type":"branch","line":136,"loc":{"start":{"line":136,"column":57},"end":{"line":138,"column":9}},"locations":[{"start":{"line":136,"column":57},"end":{"line":138,"column":9}}]},"28":{"type":"branch","line":138,"loc":{"start":{"line":138,"column":8},"end":{"line":168,"column":31}},"locations":[{"start":{"line":138,"column":8},"end":{"line":168,"column":31}}]},"29":{"type":"branch","line":140,"loc":{"start":{"line":140,"column":25},"end":{"line":142,"column":9}},"locations":[{"start":{"line":140,"column":25},"end":{"line":142,"column":9}}]},"30":{"type":"branch","line":144,"loc":{"start":{"line":144,"column":24},"end":{"line":146,"column":9}},"locations":[{"start":{"line":144,"column":24},"end":{"line":146,"column":9}}]},"31":{"type":"branch","line":148,"loc":{"start":{"line":148,"column":26},"end":{"line":150,"column":9}},"locations":[{"start":{"line":148,"column":26},"end":{"line":150,"column":9}}]},"32":{"type":"branch","line":152,"loc":{"start":{"line":152,"column":26},"end":{"line":154,"column":9}},"locations":[{"start":{"line":152,"column":26},"end":{"line":154,"column":9}}]},"33":{"type":"branch","line":160,"loc":{"start":{"line":160,"column":29},"end":{"line":162,"column":9}},"locations":[{"start":{"line":160,"column":29},"end":{"line":162,"column":9}}]},"34":{"type":"branch","line":164,"loc":{"start":{"line":164,"column":45},"end":{"line":166,"column":9}},"locations":[{"start":{"line":164,"column":45},"end":{"line":166,"column":9}}]},"35":{"type":"branch","line":171,"loc":{"start":{"line":171,"column":4},"end":{"line":179,"column":5}},"locations":[{"start":{"line":171,"column":4},"end":{"line":179,"column":5}}]},"36":{"type":"branch","line":172,"loc":{"start":{"line":172,"column":24},"end":{"line":174,"column":9}},"locations":[{"start":{"line":172,"column":24},"end":{"line":174,"column":9}}]},"37":{"type":"branch","line":174,"loc":{"start":{"line":174,"column":8},"end":{"line":178,"column":27}},"locations":[{"start":{"line":174,"column":8},"end":{"line":178,"column":27}}]},"38":{"type":"branch","line":181,"loc":{"start":{"line":181,"column":4},"end":{"line":189,"column":5}},"locations":[{"start":{"line":181,"column":4},"end":{"line":189,"column":5}}]},"39":{"type":"branch","line":182,"loc":{"start":{"line":182,"column":35},"end":{"line":184,"column":9}},"locations":[{"start":{"line":182,"column":35},"end":{"line":184,"column":9}}]},"40":{"type":"branch","line":184,"loc":{"start":{"line":184,"column":8},"end":{"line":188,"column":27}},"locations":[{"start":{"line":184,"column":8},"end":{"line":188,"column":27}}]}},"b":{"0":[11],"1":[64],"2":[71],"3":[2],"4":[69],"5":[70],"6":[3],"7":[66],"8":[2],"9":[64],"10":[53],"11":[53],"12":[58],"13":[54],"14":[47],"15":[53],"16":[56],"17":[2],"18":[9],"19":[8],"20":[1],"21":[8],"22":[8],"23":[2],"24":[6],"25":[5],"26":[6],"27":[1],"28":[5],"29":[4],"30":[4],"31":[4],"32":[4],"33":[4],"34":[4],"35":[5],"36":[1],"37":[4],"38":[4],"39":[1],"40":[3]},"fnMap":{"0":{"name":"Wallet","decl":{"start":{"line":52,"column":12},"end":{"line":73,"column":5}},"loc":{"start":{"line":52,"column":12},"end":{"line":73,"column":5}},"line":52},"1":{"name":"create","decl":{"start":{"line":75,"column":11},"end":{"line":93,"column":5}},"loc":{"start":{"line":75,"column":11},"end":{"line":93,"column":5}},"line":75},"2":{"name":"get name","decl":{"start":{"line":95,"column":4},"end":{"line":97,"column":5}},"loc":{"start":{"line":95,"column":4},"end":{"line":97,"column":5}},"line":95},"3":{"name":"get cpf","decl":{"start":{"line":99,"column":4},"end":{"line":101,"column":5}},"loc":{"start":{"line":99,"column":4},"end":{"line":101,"column":5}},"line":99},"4":{"name":"get balance","decl":{"start":{"line":103,"column":4},"end":{"line":105,"column":5}},"loc":{"start":{"line":103,"column":4},"end":{"line":105,"column":5}},"line":103},"5":{"name":"get email","decl":{"start":{"line":107,"column":4},"end":{"line":109,"column":5}},"loc":{"start":{"line":107,"column":4},"end":{"line":109,"column":5}},"line":107},"6":{"name":"get password","decl":{"start":{"line":111,"column":4},"end":{"line":113,"column":5}},"loc":{"start":{"line":111,"column":4},"end":{"line":113,"column":5}},"line":111},"7":{"name":"get phone","decl":{"start":{"line":115,"column":4},"end":{"line":117,"column":5}},"loc":{"start":{"line":115,"column":4},"end":{"line":117,"column":5}},"line":115},"8":{"name":"get walletType","decl":{"start":{"line":119,"column":4},"end":{"line":121,"column":5}},"loc":{"start":{"line":119,"column":4},"end":{"line":121,"column":5}},"line":119},"9":{"name":"get createdAt","decl":{"start":{"line":123,"column":4},"end":{"line":125,"column":5}},"loc":{"start":{"line":123,"column":4},"end":{"line":125,"column":5}},"line":123},"10":{"name":"update","decl":{"start":{"line":127,"column":4},"end":{"line":169,"column":5}},"loc":{"start":{"line":127,"column":4},"end":{"line":169,"column":5}},"line":127},"11":{"name":"credit","decl":{"start":{"line":171,"column":4},"end":{"line":179,"column":5}},"loc":{"start":{"line":171,"column":4},"end":{"line":179,"column":5}},"line":171},"12":{"name":"debit","decl":{"start":{"line":181,"column":4},"end":{"line":189,"column":5}},"loc":{"start":{"line":181,"column":4},"end":{"line":189,"column":5}},"line":181}},"f":{"0":64,"1":71,"2":53,"3":53,"4":58,"5":54,"6":47,"7":53,"8":56,"9":2,"10":9,"11":5,"12":4}}
,"/home/arthurgustavo/projects/js-ts/pic-pay/src/domain/wallet/services/create-wallet.ts": {"path":"/home/arthurgustavo/projects/js-ts/pic-pay/src/domain/wallet/services/create-wallet.ts","all":false,"statementMap":{"5":{"start":{"line":6,"column":0},"end":{"line":6,"column":110}},"6":{"start":{"line":7,"column":0},"end":{"line":7,"column":72}},"8":{"start":{"line":9,"column":0},"end":{"line":9,"column":81}},"9":{"start":{"line":10,"column":0},"end":{"line":10,"column":69}},"11":{"start":{"line":12,"column":0},"end":{"line":12,"column":22}},"12":{"start":{"line":13,"column":0},"end":{"line":13,"column":5}},"13":{"start":{"line":14,"column":0},"end":{"line":14,"column":1}}},"s":{"5":1,"6":1,"8":1,"9":21,"11":21,"12":21,"13":1},"branchMap":{"0":{"type":"branch","line":7,"loc":{"start":{"line":7,"column":4},"end":{"line":7,"column":72}},"locations":[{"start":{"line":7,"column":4},"end":{"line":7,"column":72}}]},"1":{"type":"branch","line":9,"loc":{"start":{"line":9,"column":4},"end":{"line":13,"column":5}},"locations":[{"start":{"line":9,"column":4},"end":{"line":13,"column":5}}]}},"b":{"0":[19],"1":[21]},"fnMap":{"0":{"name":"CreateWallet","decl":{"start":{"line":7,"column":4},"end":{"line":7,"column":72}},"loc":{"start":{"line":7,"column":4},"end":{"line":7,"column":72}},"line":7},"1":{"name":"execute","decl":{"start":{"line":9,"column":4},"end":{"line":13,"column":5}},"loc":{"start":{"line":9,"column":4},"end":{"line":13,"column":5}},"line":9}},"f":{"0":19,"1":21}}
,"/home/arthurgustavo/projects/js-ts/pic-pay/src/domain/wallet/services/delete-wallet.ts": {"path":"/home/arthurgustavo/projects/js-ts/pic-pay/src/domain/wallet/services/delete-wallet.ts","all":false,"statementMap":{"4":{"start":{"line":5,"column":0},"end":{"line":5,"column":76}},"5":{"start":{"line":6,"column":0},"end":{"line":6,"column":72}},"7":{"start":{"line":8,"column":0},"end":{"line":8,"column":54}},"8":{"start":{"line":9,"column":0},"end":{"line":9,"column":62}},"10":{"start":{"line":11,"column":0},"end":{"line":11,"column":22}},"11":{"start":{"line":12,"column":0},"end":{"line":12,"column":5}},"12":{"start":{"line":13,"column":0},"end":{"line":13,"column":1}}},"s":{"4":1,"5":1,"7":1,"8":2,"10":2,"11":2,"12":1},"branchMap":{"0":{"type":"branch","line":6,"loc":{"start":{"line":6,"column":4},"end":{"line":6,"column":72}},"locations":[{"start":{"line":6,"column":4},"end":{"line":6,"column":72}}]},"1":{"type":"branch","line":8,"loc":{"start":{"line":8,"column":4},"end":{"line":12,"column":5}},"locations":[{"start":{"line":8,"column":4},"end":{"line":12,"column":5}}]}},"b":{"0":[2],"1":[2]},"fnMap":{"0":{"name":"DeleteWallet","decl":{"start":{"line":6,"column":4},"end":{"line":6,"column":72}},"loc":{"start":{"line":6,"column":4},"end":{"line":6,"column":72}},"line":6},"1":{"name":"execute","decl":{"start":{"line":8,"column":4},"end":{"line":12,"column":5}},"loc":{"start":{"line":8,"column":4},"end":{"line":12,"column":5}},"line":8}},"f":{"0":2,"1":2}}
,"/home/arthurgustavo/projects/js-ts/pic-pay/src/domain/wallet/services/find-wallet-by-cpf.ts": {"path":"/home/arthurgustavo/projects/js-ts/pic-pay/src/domain/wallet/services/find-wallet-by-cpf.ts","all":false,"statementMap":{"5":{"start":{"line":6,"column":0},"end":{"line":6,"column":81}},"6":{"start":{"line":7,"column":0},"end":{"line":7,"column":72}},"8":{"start":{"line":9,"column":0},"end":{"line":9,"column":57}},"9":{"start":{"line":10,"column":0},"end":{"line":10,"column":66}},"11":{"start":{"line":12,"column":0},"end":{"line":12,"column":22}},"12":{"start":{"line":13,"column":0},"end":{"line":13,"column":5}},"13":{"start":{"line":14,"column":0},"end":{"line":14,"column":1}}},"s":{"5":1,"6":1,"8":1,"9":2,"11":2,"12":2,"13":1},"branchMap":{"0":{"type":"branch","line":7,"loc":{"start":{"line":7,"column":4},"end":{"line":7,"column":72}},"locations":[{"start":{"line":7,"column":4},"end":{"line":7,"column":72}}]},"1":{"type":"branch","line":9,"loc":{"start":{"line":9,"column":4},"end":{"line":13,"column":5}},"locations":[{"start":{"line":9,"column":4},"end":{"line":13,"column":5}}]}},"b":{"0":[2],"1":[2]},"fnMap":{"0":{"name":"FindWalletByCpf","decl":{"start":{"line":7,"column":4},"end":{"line":7,"column":72}},"loc":{"start":{"line":7,"column":4},"end":{"line":7,"column":72}},"line":7},"1":{"name":"execute","decl":{"start":{"line":9,"column":4},"end":{"line":13,"column":5}},"loc":{"start":{"line":9,"column":4},"end":{"line":13,"column":5}},"line":9}},"f":{"0":2,"1":2}}
,"/home/arthurgustavo/projects/js-ts/pic-pay/src/domain/wallet/services/find-wallet-by-email.ts": {"path":"/home/arthurgustavo/projects/js-ts/pic-pay/src/domain/wallet/services/find-wallet-by-email.ts","all":false,"statementMap":{"5":{"start":{"line":6,"column":0},"end":{"line":6,"column":83}},"6":{"start":{"line":7,"column":0},"end":{"line":7,"column":63}},"8":{"start":{"line":9,"column":0},"end":{"line":9,"column":59}},"9":{"start":{"line":10,"column":0},"end":{"line":10,"column":70}},"11":{"start":{"line":12,"column":0},"end":{"line":12,"column":22}},"12":{"start":{"line":13,"column":0},"end":{"line":13,"column":5}},"13":{"start":{"line":14,"column":0},"end":{"line":14,"column":1}}},"s":{"5":1,"6":1,"8":1,"9":2,"11":2,"12":2,"13":1},"branchMap":{"0":{"type":"branch","line":7,"loc":{"start":{"line":7,"column":4},"end":{"line":7,"column":63}},"locations":[{"start":{"line":7,"column":4},"end":{"line":7,"column":63}}]},"1":{"type":"branch","line":9,"loc":{"start":{"line":9,"column":4},"end":{"line":13,"column":5}},"locations":[{"start":{"line":9,"column":4},"end":{"line":13,"column":5}}]}},"b":{"0":[2],"1":[2]},"fnMap":{"0":{"name":"FindWalletByEmail","decl":{"start":{"line":7,"column":4},"end":{"line":7,"column":63}},"loc":{"start":{"line":7,"column":4},"end":{"line":7,"column":63}},"line":7},"1":{"name":"execute","decl":{"start":{"line":9,"column":4},"end":{"line":13,"column":5}},"loc":{"start":{"line":9,"column":4},"end":{"line":13,"column":5}},"line":9}},"f":{"0":2,"1":2}}
,"/home/arthurgustavo/projects/js-ts/pic-pay/src/domain/wallet/services/find-wallet-by-id.ts": {"path":"/home/arthurgustavo/projects/js-ts/pic-pay/src/domain/wallet/services/find-wallet-by-id.ts","all":false,"statementMap":{"5":{"start":{"line":6,"column":0},"end":{"line":6,"column":80}},"6":{"start":{"line":7,"column":0},"end":{"line":7,"column":72}},"8":{"start":{"line":9,"column":0},"end":{"line":9,"column":56}},"9":{"start":{"line":10,"column":0},"end":{"line":10,"column":64}},"11":{"start":{"line":12,"column":0},"end":{"line":12,"column":22}},"12":{"start":{"line":13,"column":0},"end":{"line":13,"column":5}},"13":{"start":{"line":14,"column":0},"end":{"line":14,"column":1}}},"s":{"5":1,"6":1,"8":1,"9":2,"11":2,"12":2,"13":1},"branchMap":{"0":{"type":"branch","line":7,"loc":{"start":{"line":7,"column":4},"end":{"line":7,"column":72}},"locations":[{"start":{"line":7,"column":4},"end":{"line":7,"column":72}}]},"1":{"type":"branch","line":9,"loc":{"start":{"line":9,"column":4},"end":{"line":13,"column":5}},"locations":[{"start":{"line":9,"column":4},"end":{"line":13,"column":5}}]}},"b":{"0":[2],"1":[2]},"fnMap":{"0":{"name":"FindWalletById","decl":{"start":{"line":7,"column":4},"end":{"line":7,"column":72}},"loc":{"start":{"line":7,"column":4},"end":{"line":7,"column":72}},"line":7},"1":{"name":"execute","decl":{"start":{"line":9,"column":4},"end":{"line":13,"column":5}},"loc":{"start":{"line":9,"column":4},"end":{"line":13,"column":5}},"line":9}},"f":{"0":2,"1":2}}
,"/home/arthurgustavo/projects/js-ts/pic-pay/src/domain/wallet/services/find-wallet-by-phone.ts": {"path":"/home/arthurgustavo/projects/js-ts/pic-pay/src/domain/wallet/services/find-wallet-by-phone.ts","all":false,"statementMap":{"5":{"start":{"line":6,"column":0},"end":{"line":6,"column":83}},"6":{"start":{"line":7,"column":0},"end":{"line":7,"column":72}},"8":{"start":{"line":9,"column":0},"end":{"line":9,"column":59}},"9":{"start":{"line":10,"column":0},"end":{"line":10,"column":70}},"11":{"start":{"line":12,"column":0},"end":{"line":12,"column":22}},"12":{"start":{"line":13,"column":0},"end":{"line":13,"column":5}},"13":{"start":{"line":14,"column":0},"end":{"line":14,"column":1}}},"s":{"5":1,"6":1,"8":1,"9":2,"11":2,"12":2,"13":1},"branchMap":{"0":{"type":"branch","line":7,"loc":{"start":{"line":7,"column":4},"end":{"line":7,"column":72}},"locations":[{"start":{"line":7,"column":4},"end":{"line":7,"column":72}}]},"1":{"type":"branch","line":9,"loc":{"start":{"line":9,"column":4},"end":{"line":13,"column":5}},"locations":[{"start":{"line":9,"column":4},"end":{"line":13,"column":5}}]}},"b":{"0":[2],"1":[2]},"fnMap":{"0":{"name":"FindWalletByPhone","decl":{"start":{"line":7,"column":4},"end":{"line":7,"column":72}},"loc":{"start":{"line":7,"column":4},"end":{"line":7,"column":72}},"line":7},"1":{"name":"execute","decl":{"start":{"line":9,"column":4},"end":{"line":13,"column":5}},"loc":{"start":{"line":9,"column":4},"end":{"line":13,"column":5}},"line":9}},"f":{"0":2,"1":2}}
,"/home/arthurgustavo/projects/js-ts/pic-pay/src/domain/wallet/services/update-wallet.ts": {"path":"/home/arthurgustavo/projects/js-ts/pic-pay/src/domain/wallet/services/update-wallet.ts","all":false,"statementMap":{"5":{"start":{"line":6,"column":0},"end":{"line":6,"column":96}},"6":{"start":{"line":7,"column":0},"end":{"line":7,"column":72}},"9":{"start":{"line":10,"column":0},"end":{"line":10,"column":80}},"10":{"start":{"line":11,"column":0},"end":{"line":11,"column":69}},"12":{"start":{"line":13,"column":0},"end":{"line":13,"column":22}},"13":{"start":{"line":14,"column":0},"end":{"line":14,"column":5}},"14":{"start":{"line":15,"column":0},"end":{"line":15,"column":1}}},"s":{"5":1,"6":1,"9":1,"10":2,"12":2,"13":2,"14":1},"branchMap":{"0":{"type":"branch","line":7,"loc":{"start":{"line":7,"column":4},"end":{"line":7,"column":72}},"locations":[{"start":{"line":7,"column":4},"end":{"line":7,"column":72}}]},"1":{"type":"branch","line":10,"loc":{"start":{"line":10,"column":4},"end":{"line":14,"column":5}},"locations":[{"start":{"line":10,"column":4},"end":{"line":14,"column":5}}]}},"b":{"0":[2],"1":[2]},"fnMap":{"0":{"name":"UpdateWallet","decl":{"start":{"line":7,"column":4},"end":{"line":7,"column":72}},"loc":{"start":{"line":7,"column":4},"end":{"line":7,"column":72}},"line":7},"1":{"name":"execute","decl":{"start":{"line":10,"column":4},"end":{"line":14,"column":5}},"loc":{"start":{"line":10,"column":4},"end":{"line":14,"column":5}},"line":10}},"f":{"0":2,"1":2}}
,"/home/arthurgustavo/projects/js-ts/pic-pay/src/shared/entity.ts": {"path":"/home/arthurgustavo/projects/js-ts/pic-pay/src/shared/entity.ts","all":false,"statementMap":{"0":{"start":{"line":1,"column":0},"end":{"line":1,"column":41}},"2":{"start":{"line":3,"column":0},"end":{"line":3,"column":23}},"5":{"start":{"line":6,"column":0},"end":{"line":6,"column":30}},"6":{"start":{"line":7,"column":0},"end":{"line":7,"column":38}},"7":{"start":{"line":8,"column":0},"end":{"line":8,"column":5}},"9":{"start":{"line":10,"column":0},"end":{"line":10,"column":14}},"10":{"start":{"line":11,"column":0},"end":{"line":11,"column":24}},"11":{"start":{"line":12,"column":0},"end":{"line":12,"column":5}},"12":{"start":{"line":13,"column":0},"end":{"line":13,"column":1}}},"s":{"0":1,"2":1,"5":1,"6":74,"7":74,"9":1,"10":75,"11":75,"12":1},"branchMap":{"0":{"type":"branch","line":6,"loc":{"start":{"line":6,"column":4},"end":{"line":8,"column":5}},"locations":[{"start":{"line":6,"column":4},"end":{"line":8,"column":5}}]},"1":{"type":"branch","line":7,"loc":{"start":{"line":7,"column":19},"end":{"line":7,"column":38}},"locations":[{"start":{"line":7,"column":19},"end":{"line":7,"column":38}}]},"2":{"type":"branch","line":10,"loc":{"start":{"line":10,"column":4},"end":{"line":12,"column":5}},"locations":[{"start":{"line":10,"column":4},"end":{"line":12,"column":5}}]}},"b":{"0":[74],"1":[45],"2":[75]},"fnMap":{"0":{"name":"Entity","decl":{"start":{"line":6,"column":4},"end":{"line":8,"column":5}},"loc":{"start":{"line":6,"column":4},"end":{"line":8,"column":5}},"line":6},"1":{"name":"get id","decl":{"start":{"line":10,"column":4},"end":{"line":12,"column":5}},"loc":{"start":{"line":10,"column":4},"end":{"line":12,"column":5}},"line":10}},"f":{"0":74,"1":75}}
,"/home/arthurgustavo/projects/js-ts/pic-pay/src/shared/result.ts": {"path":"/home/arthurgustavo/projects/js-ts/pic-pay/src/shared/result.ts","all":false,"statementMap":{"0":{"start":{"line":1,"column":0},"end":{"line":1,"column":32}},"6":{"start":{"line":7,"column":0},"end":{"line":7,"column":72}},"7":{"start":{"line":8,"column":0},"end":{"line":8,"column":33}},"8":{"start":{"line":9,"column":0},"end":{"line":9,"column":28}},"9":{"start":{"line":10,"column":0},"end":{"line":10,"column":86}},"10":{"start":{"line":11,"column":0},"end":{"line":11,"column":14}},"11":{"start":{"line":12,"column":0},"end":{"line":12,"column":9}},"12":{"start":{"line":13,"column":0},"end":{"line":13,"column":35}},"13":{"start":{"line":14,"column":0},"end":{"line":14,"column":28}},"14":{"start":{"line":15,"column":0},"end":{"line":15,"column":86}},"15":{"start":{"line":16,"column":0},"end":{"line":16,"column":14}},"16":{"start":{"line":17,"column":0},"end":{"line":17,"column":9}},"18":{"start":{"line":19,"column":0},"end":{"line":19,"column":35}},"19":{"start":{"line":20,"column":0},"end":{"line":20,"column":36}},"20":{"start":{"line":21,"column":0},"end":{"line":21,"column":27}},"21":{"start":{"line":22,"column":0},"end":{"line":22,"column":33}},"22":{"start":{"line":23,"column":0},"end":{"line":23,"column":28}},"23":{"start":{"line":24,"column":0},"end":{"line":24,"column":5}},"25":{"start":{"line":26,"column":0},"end":{"line":26,"column":20}},"26":{"start":{"line":27,"column":0},"end":{"line":27,"column":30}},"27":{"start":{"line":28,"column":0},"end":{"line":28,"column":76}},"28":{"start":{"line":29,"column":0},"end":{"line":29,"column":9}},"30":{"start":{"line":31,"column":0},"end":{"line":31,"column":27}},"31":{"start":{"line":32,"column":0},"end":{"line":32,"column":5}},"33":{"start":{"line":34,"column":0},"end":{"line":34,"column":47}},"34":{"start":{"line":35,"column":0},"end":{"line":35,"column":53}},"35":{"start":{"line":36,"column":0},"end":{"line":36,"column":5}},"37":{"start":{"line":38,"column":0},"end":{"line":38,"column":53}},"38":{"start":{"line":39,"column":0},"end":{"line":39,"column":43}},"39":{"start":{"line":40,"column":0},"end":{"line":40,"column":5}},"41":{"start":{"line":42,"column":0},"end":{"line":42,"column":36}},"42":{"start":{"line":43,"column":0},"end":{"line":43,"column":26}},"43":{"start":{"line":44,"column":0},"end":{"line":44,"column":89}},"44":{"start":{"line":45,"column":0},"end":{"line":45,"column":9}},"46":{"start":{"line":47,"column":0},"end":{"line":47,"column":36}},"47":{"start":{"line":48,"column":0},"end":{"line":48,"column":5}},"48":{"start":{"line":49,"column":0},"end":{"line":49,"column":1}}},"s":{"0":1,"6":1,"7":242,"8":1,"9":1,"10":1,"11":1,"12":242,"13":1,"14":1,"15":1,"16":1,"18":240,"19":240,"20":240,"21":240,"22":240,"23":242,"25":1,"26":237,"27":1,"28":1,"30":236,"31":237,"33":1,"34":158,"35":158,"37":1,"38":82,"39":82,"41":1,"42":31,"43":1,"44":1,"46":30,"47":31,"48":1},"branchMap":{"0":{"type":"branch","line":7,"loc":{"start":{"line":7,"column":12},"end":{"line":24,"column":5}},"locations":[{"start":{"line":7,"column":12},"end":{"line":24,"column":5}}]},"1":{"type":"branch","line":8,"loc":{"start":{"line":8,"column":12},"end":{"line":8,"column":32}},"locations":[{"start":{"line":8,"column":12},"end":{"line":8,"column":32}}]},"2":{"type":"branch","line":8,"loc":{"start":{"line":8,"column":32},"end":{"line":12,"column":9}},"locations":[{"start":{"line":8,"column":32},"end":{"line":12,"column":9}}]},"3":{"type":"branch","line":12,"loc":{"start":{"line":12,"column":8},"end":{"line":13,"column":26}},"locations":[{"start":{"line":12,"column":8},"end":{"line":13,"column":26}}]},"4":{"type":"branch","line":13,"loc":{"start":{"line":13,"column":13},"end":{"line":13,"column":34}},"locations":[{"start":{"line":13,"column":13},"end":{"line":13,"column":34}}]},"5":{"type":"branch","line":13,"loc":{"start":{"line":13,"column":34},"end":{"line":17,"column":9}},"locations":[{"start":{"line":13,"column":34},"end":{"line":17,"column":9}}]},"6":{"type":"branch","line":17,"loc":{"start":{"line":17,"column":8},"end":{"line":23,"column":28}},"locations":[{"start":{"line":17,"column":8},"end":{"line":23,"column":28}}]},"7":{"type":"branch","line":26,"loc":{"start":{"line":26,"column":4},"end":{"line":32,"column":5}},"locations":[{"start":{"line":26,"column":4},"end":{"line":32,"column":5}}]},"8":{"type":"branch","line":27,"loc":{"start":{"line":27,"column":29},"end":{"line":29,"column":9}},"locations":[{"start":{"line":27,"column":29},"end":{"line":29,"column":9}}]},"9":{"type":"branch","line":29,"loc":{"start":{"line":29,"column":8},"end":{"line":31,"column":27}},"locations":[{"start":{"line":29,"column":8},"end":{"line":31,"column":27}}]},"10":{"type":"branch","line":34,"loc":{"start":{"line":34,"column":18},"end":{"line":36,"column":5}},"locations":[{"start":{"line":34,"column":18},"end":{"line":36,"column":5}}]},"11":{"type":"branch","line":38,"loc":{"start":{"line":38,"column":18},"end":{"line":40,"column":5}},"locations":[{"start":{"line":38,"column":18},"end":{"line":40,"column":5}}]},"12":{"type":"branch","line":42,"loc":{"start":{"line":42,"column":11},"end":{"line":48,"column":5}},"locations":[{"start":{"line":42,"column":11},"end":{"line":48,"column":5}}]},"13":{"type":"branch","line":43,"loc":{"start":{"line":43,"column":25},"end":{"line":47,"column":36}},"locations":[{"start":{"line":43,"column":25},"end":{"line":47,"column":36}}]},"14":{"type":"branch","line":43,"loc":{"start":{"line":43,"column":25},"end":{"line":45,"column":9}},"locations":[{"start":{"line":43,"column":25},"end":{"line":45,"column":9}}]}},"b":{"0":[242],"1":[159],"2":[1],"3":[241],"4":[83],"5":[1],"6":[240],"7":[237],"8":[1],"9":[236],"10":[158],"11":[82],"12":[31],"13":[30],"14":[1]},"fnMap":{"0":{"name":"Result","decl":{"start":{"line":7,"column":12},"end":{"line":24,"column":5}},"loc":{"start":{"line":7,"column":12},"end":{"line":24,"column":5}},"line":7},"1":{"name":"get value","decl":{"start":{"line":26,"column":4},"end":{"line":32,"column":5}},"loc":{"start":{"line":26,"column":4},"end":{"line":32,"column":5}},"line":26},"2":{"name":"ok","decl":{"start":{"line":34,"column":18},"end":{"line":36,"column":5}},"loc":{"start":{"line":34,"column":18},"end":{"line":36,"column":5}},"line":34},"3":{"name":"fail","decl":{"start":{"line":38,"column":18},"end":{"line":40,"column":5}},"loc":{"start":{"line":38,"column":18},"end":{"line":40,"column":5}},"line":38},"4":{"name":"getErrorValue","decl":{"start":{"line":42,"column":11},"end":{"line":48,"column":5}},"loc":{"start":{"line":42,"column":11},"end":{"line":48,"column":5}},"line":42}},"f":{"0":242,"1":237,"2":158,"3":82,"4":31}}
,"/home/arthurgustavo/projects/js-ts/pic-pay/src/shared/use-case.ts": {"path":"/home/arthurgustavo/projects/js-ts/pic-pay/src/shared/use-case.ts","all":false,"statementMap":{"2":{"start":{"line":3,"column":0},"end":{"line":3,"column":78}},"4":{"start":{"line":5,"column":0},"end":{"line":5,"column":1}}},"s":{"2":1,"4":1},"branchMap":{},"b":{},"fnMap":{},"f":{}}
,"/home/arthurgustavo/projects/js-ts/pic-pay/src/types/index.ts": {"path":"/home/arthurgustavo/projects/js-ts/pic-pay/src/types/index.ts","all":true,"statementMap":{},"s":{},"branchMap":{"0":{"type":"branch","line":1,"loc":{"start":{"line":1,"column":0},"end":{"line":1,"column":0}},"locations":[{"start":{"line":1,"column":0},"end":{"line":1,"column":0}}]}},"b":{"0":[1]},"fnMap":{"0":{"name":"(empty-report)","decl":{"start":{"line":1,"column":0},"end":{"line":1,"column":0}},"loc":{"start":{"line":1,"column":0},"end":{"line":1,"column":0}},"line":1}},"f":{"0":1}}
,"/home/arthurgustavo/projects/js-ts/pic-pay/src/utils/haveSufficientFunds.ts": {"path":"/home/arthurgustavo/projects/js-ts/pic-pay/src/utils/haveSufficientFunds.ts","all":false,"statementMap":{"0":{"start":{"line":1,"column":0},"end":{"line":1,"column":48}},"1":{"start":{"line":2,"column":0},"end":{"line":2,"column":50}},"3":{"start":{"line":4,"column":0},"end":{"line":4,"column":69}},"4":{"start":{"line":5,"column":0},"end":{"line":5,"column":35}},"5":{"start":{"line":6,"column":0},"end":{"line":6,"column":21}},"6":{"start":{"line":7,"column":0},"end":{"line":7,"column":5}},"8":{"start":{"line":9,"column":0},"end":{"line":9,"column":32}},"9":{"start":{"line":10,"column":0},"end":{"line":10,"column":21}},"10":{"start":{"line":11,"column":0},"end":{"line":11,"column":5}},"12":{"start":{"line":13,"column":0},"end":{"line":13,"column":28}},"13":{"start":{"line":14,"column":0},"end":{"line":14,"column":1}}},"s":{"0":1,"1":1,"3":1,"4":7,"5":1,"6":1,"8":7,"9":1,"10":1,"12":5,"13":5},"branchMap":{"0":{"type":"branch","line":4,"loc":{"start":{"line":4,"column":7},"end":{"line":14,"column":1}},"locations":[{"start":{"line":4,"column":7},"end":{"line":14,"column":1}}]},"1":{"type":"branch","line":5,"loc":{"start":{"line":5,"column":34},"end":{"line":7,"column":5}},"locations":[{"start":{"line":5,"column":34},"end":{"line":7,"column":5}}]},"2":{"type":"branch","line":7,"loc":{"start":{"line":7,"column":4},"end":{"line":9,"column":31}},"locations":[{"start":{"line":7,"column":4},"end":{"line":9,"column":31}}]},"3":{"type":"branch","line":9,"loc":{"start":{"line":9,"column":31},"end":{"line":11,"column":5}},"locations":[{"start":{"line":9,"column":31},"end":{"line":11,"column":5}}]},"4":{"type":"branch","line":11,"loc":{"start":{"line":11,"column":4},"end":{"line":14,"column":1}},"locations":[{"start":{"line":11,"column":4},"end":{"line":14,"column":1}}]}},"b":{"0":[7],"1":[1],"2":[6],"3":[1],"4":[5]},"fnMap":{"0":{"name":"haveSufficientFunds","decl":{"start":{"line":4,"column":7},"end":{"line":14,"column":1}},"loc":{"start":{"line":4,"column":7},"end":{"line":14,"column":1}},"line":4}},"f":{"0":7}}
,"/home/arthurgustavo/projects/js-ts/pic-pay/src/utils/index.ts": {"path":"/home/arthurgustavo/projects/js-ts/pic-pay/src/utils/index.ts","all":false,"statementMap":{"0":{"start":{"line":1,"column":0},"end":{"line":1,"column":46}}},"s":{"0":1},"branchMap":{},"b":{},"fnMap":{},"f":{}}
,"/home/arthurgustavo/projects/js-ts/pic-pay/src/utils/isShopkeeper.ts": {"path":"/home/arthurgustavo/projects/js-ts/pic-pay/src/utils/isShopkeeper.ts","all":false,"statementMap":{"0":{"start":{"line":1,"column":0},"end":{"line":1,"column":54}},"2":{"start":{"line":3,"column":0},"end":{"line":3,"column":64}},"3":{"start":{"line":4,"column":0},"end":{"line":4,"column":49}},"5":{"start":{"line":6,"column":0},"end":{"line":6,"column":1}}},"s":{"0":1,"2":1,"3":7,"5":7},"branchMap":{"0":{"type":"branch","line":3,"loc":{"start":{"line":3,"column":7},"end":{"line":6,"column":1}},"locations":[{"start":{"line":3,"column":7},"end":{"line":6,"column":1}}]}},"b":{"0":[7]},"fnMap":{"0":{"name":"isShopkeeper","decl":{"start":{"line":3,"column":7},"end":{"line":6,"column":1}},"loc":{"start":{"line":3,"column":7},"end":{"line":6,"column":1}},"line":3}},"f":{"0":7}}
,"/home/arthurgustavo/projects/js-ts/pic-pay/src/utils/isValidAumont.ts": {"path":"/home/arthurgustavo/projects/js-ts/pic-pay/src/utils/isValidAumont.ts","all":false,"statementMap":{"0":{"start":{"line":1,"column":0},"end":{"line":1,"column":56}},"1":{"start":{"line":2,"column":0},"end":{"line":2,"column":22}},"2":{"start":{"line":3,"column":0},"end":{"line":3,"column":1}}},"s":{"0":1,"1":28,"2":28},"branchMap":{"0":{"type":"branch","line":1,"loc":{"start":{"line":1,"column":7},"end":{"line":3,"column":1}},"locations":[{"start":{"line":1,"column":7},"end":{"line":3,"column":1}}]}},"b":{"0":[28]},"fnMap":{"0":{"name":"isValidAmount","decl":{"start":{"line":1,"column":7},"end":{"line":3,"column":1}},"loc":{"start":{"line":1,"column":7},"end":{"line":3,"column":1}},"line":1}},"f":{"0":28}}
,"/home/arthurgustavo/projects/js-ts/pic-pay/src/utils/isValidBalance.ts": {"path":"/home/arthurgustavo/projects/js-ts/pic-pay/src/utils/isValidBalance.ts","all":false,"statementMap":{"0":{"start":{"line":1,"column":0},"end":{"line":1,"column":49}},"1":{"start":{"line":2,"column":0},"end":{"line":2,"column":24}},"2":{"start":{"line":3,"column":0},"end":{"line":3,"column":1}}},"s":{"0":1,"1":87,"2":87},"branchMap":{"0":{"type":"branch","line":1,"loc":{"start":{"line":1,"column":7},"end":{"line":3,"column":1}},"locations":[{"start":{"line":1,"column":7},"end":{"line":3,"column":1}}]}},"b":{"0":[87]},"fnMap":{"0":{"name":"isValidBalance","decl":{"start":{"line":1,"column":7},"end":{"line":3,"column":1}},"loc":{"start":{"line":1,"column":7},"end":{"line":3,"column":1}},"line":1}},"f":{"0":87}}
,"/home/arthurgustavo/projects/js-ts/pic-pay/src/utils/isValidCpf.ts": {"path":"/home/arthurgustavo/projects/js-ts/pic-pay/src/utils/isValidCpf.ts","all":false,"statementMap":{"0":{"start":{"line":1,"column":0},"end":{"line":1,"column":41}},"1":{"start":{"line":2,"column":0},"end":{"line":2,"column":27}},"3":{"start":{"line":4,"column":0},"end":{"line":4,"column":37}},"5":{"start":{"line":6,"column":0},"end":{"line":6,"column":40}},"7":{"start":{"line":8,"column":0},"end":{"line":8,"column":25}},"8":{"start":{"line":9,"column":0},"end":{"line":9,"column":52}},"9":{"start":{"line":10,"column":0},"end":{"line":10,"column":52}},"10":{"start":{"line":11,"column":0},"end":{"line":11,"column":66}},"11":{"start":{"line":12,"column":0},"end":{"line":12,"column":6}},"13":{"start":{"line":14,"column":0},"end":{"line":14,"column":48}},"15":{"start":{"line":16,"column":0},"end":{"line":16,"column":61}},"16":{"start":{"line":17,"column":0},"end":{"line":17,"column":20}},"17":{"start":{"line":18,"column":0},"end":{"line":18,"column":42}},"18":{"start":{"line":19,"column":0},"end":{"line":19,"column":62}},"19":{"start":{"line":20,"column":0},"end":{"line":20,"column":9}},"20":{"start":{"line":21,"column":0},"end":{"line":21,"column":42}},"21":{"start":{"line":22,"column":0},"end":{"line":22,"column":45}},"22":{"start":{"line":23,"column":0},"end":{"line":23,"column":6}},"24":{"start":{"line":25,"column":0},"end":{"line":25,"column":46}},"25":{"start":{"line":26,"column":0},"end":{"line":26,"column":61}},"27":{"start":{"line":28,"column":0},"end":{"line":28,"column":48}},"28":{"start":{"line":29,"column":0},"end":{"line":29,"column":63}},"30":{"start":{"line":31,"column":0},"end":{"line":31,"column":16}},"31":{"start":{"line":32,"column":0},"end":{"line":32,"column":1}}},"s":{"0":1,"1":105,"3":102,"5":105,"7":94,"8":94,"9":94,"10":94,"11":94,"13":105,"15":84,"16":167,"17":167,"18":1586,"19":1586,"20":167,"21":167,"22":167,"24":84,"25":105,"27":83,"28":105,"30":82,"31":82},"branchMap":{"0":{"type":"branch","line":1,"loc":{"start":{"line":1,"column":7},"end":{"line":32,"column":1}},"locations":[{"start":{"line":1,"column":7},"end":{"line":32,"column":1}}]},"1":{"type":"branch","line":2,"loc":{"start":{"line":2,"column":14},"end":{"line":2,"column":27}},"locations":[{"start":{"line":2,"column":14},"end":{"line":2,"column":27}}]},"2":{"type":"branch","line":2,"loc":{"start":{"line":2,"column":21},"end":{"line":6,"column":34}},"locations":[{"start":{"line":2,"column":21},"end":{"line":6,"column":34}}]},"3":{"type":"branch","line":6,"loc":{"start":{"line":6,"column":27},"end":{"line":6,"column":40}},"locations":[{"start":{"line":6,"column":27},"end":{"line":6,"column":40}}]},"4":{"type":"branch","line":6,"loc":{"start":{"line":6,"column":34},"end":{"line":14,"column":42}},"locations":[{"start":{"line":6,"column":34},"end":{"line":14,"column":42}}]},"5":{"type":"branch","line":14,"loc":{"start":{"line":14,"column":35},"end":{"line":14,"column":48}},"locations":[{"start":{"line":14,"column":35},"end":{"line":14,"column":48}}]},"6":{"type":"branch","line":14,"loc":{"start":{"line":14,"column":42},"end":{"line":26,"column":55}},"locations":[{"start":{"line":14,"column":42},"end":{"line":26,"column":55}}]},"7":{"type":"branch","line":26,"loc":{"start":{"line":26,"column":48},"end":{"line":26,"column":61}},"locations":[{"start":{"line":26,"column":48},"end":{"line":26,"column":61}}]},"8":{"type":"branch","line":26,"loc":{"start":{"line":26,"column":55},"end":{"line":29,"column":57}},"locations":[{"start":{"line":26,"column":55},"end":{"line":29,"column":57}}]},"9":{"type":"branch","line":29,"loc":{"start":{"line":29,"column":50},"end":{"line":29,"column":63}},"locations":[{"start":{"line":29,"column":50},"end":{"line":29,"column":63}}]},"10":{"type":"branch","line":29,"loc":{"start":{"line":29,"column":57},"end":{"line":32,"column":1}},"locations":[{"start":{"line":29,"column":57},"end":{"line":32,"column":1}}]},"11":{"type":"branch","line":16,"loc":{"start":{"line":16,"column":27},"end":{"line":23,"column":6}},"locations":[{"start":{"line":16,"column":27},"end":{"line":23,"column":6}}]},"12":{"type":"branch","line":18,"loc":{"start":{"line":18,"column":41},"end":{"line":20,"column":9}},"locations":[{"start":{"line":18,"column":41},"end":{"line":20,"column":9}}]},"13":{"type":"branch","line":22,"loc":{"start":{"line":22,"column":27},"end":{"line":22,"column":35}},"locations":[{"start":{"line":22,"column":27},"end":{"line":22,"column":35}}]},"14":{"type":"branch","line":22,"loc":{"start":{"line":22,"column":31},"end":{"line":22,"column":45}},"locations":[{"start":{"line":22,"column":31},"end":{"line":22,"column":45}}]}},"b":{"0":[105],"1":[3],"2":[102],"3":[8],"4":[94],"5":[10],"6":[84],"7":[1],"8":[83],"9":[1],"10":[82],"11":[167],"12":[1586],"13":[132],"14":[35]},"fnMap":{"0":{"name":"isValidCpf","decl":{"start":{"line":1,"column":7},"end":{"line":32,"column":1}},"loc":{"start":{"line":1,"column":7},"end":{"line":32,"column":1}},"line":1},"1":{"name":"calculateDigit","decl":{"start":{"line":16,"column":27},"end":{"line":23,"column":6}},"loc":{"start":{"line":16,"column":27},"end":{"line":23,"column":6}},"line":16}},"f":{"0":105,"1":167}}
,"/home/arthurgustavo/projects/js-ts/pic-pay/src/utils/isValidPhone.ts": {"path":"/home/arthurgustavo/projects/js-ts/pic-pay/src/utils/isValidPhone.ts","all":false,"statementMap":{"0":{"start":{"line":1,"column":0},"end":{"line":1,"column":45}},"1":{"start":{"line":2,"column":0},"end":{"line":2,"column":15}},"2":{"start":{"line":3,"column":0},"end":{"line":3,"column":21}},"3":{"start":{"line":4,"column":0},"end":{"line":4,"column":41}},"4":{"start":{"line":5,"column":0},"end":{"line":5,"column":28}},"5":{"start":{"line":6,"column":0},"end":{"line":6,"column":21}},"6":{"start":{"line":7,"column":0},"end":{"line":7,"column":16}},"7":{"start":{"line":8,"column":0},"end":{"line":8,"column":1}}},"s":{"0":1,"1":75,"2":75,"3":74,"4":74,"5":75,"6":69,"7":69},"branchMap":{"0":{"type":"branch","line":1,"loc":{"start":{"line":1,"column":7},"end":{"line":8,"column":1}},"locations":[{"start":{"line":1,"column":7},"end":{"line":8,"column":1}}]},"1":{"type":"branch","line":3,"loc":{"start":{"line":3,"column":8},"end":{"line":3,"column":21}},"locations":[{"start":{"line":3,"column":8},"end":{"line":3,"column":21}}]},"2":{"type":"branch","line":3,"loc":{"start":{"line":3,"column":15},"end":{"line":6,"column":15}},"locations":[{"start":{"line":3,"column":15},"end":{"line":6,"column":15}}]},"3":{"type":"branch","line":6,"loc":{"start":{"line":6,"column":8},"end":{"line":6,"column":21}},"locations":[{"start":{"line":6,"column":8},"end":{"line":6,"column":21}}]},"4":{"type":"branch","line":6,"loc":{"start":{"line":6,"column":15},"end":{"line":8,"column":1}},"locations":[{"start":{"line":6,"column":15},"end":{"line":8,"column":1}}]}},"b":{"0":[75],"1":[1],"2":[74],"3":[5],"4":[69]},"fnMap":{"0":{"name":"isValidPhone","decl":{"start":{"line":1,"column":7},"end":{"line":8,"column":1}},"loc":{"start":{"line":1,"column":7},"end":{"line":8,"column":1}},"line":1}},"f":{"0":75}}
,"/home/arthurgustavo/projects/js-ts/pic-pay/src/utils/transaction-repository-mock.ts": {"path":"/home/arthurgustavo/projects/js-ts/pic-pay/src/utils/transaction-repository-mock.ts","all":false,"statementMap":{"0":{"start":{"line":1,"column":0},"end":{"line":1,"column":104}},"1":{"start":{"line":2,"column":0},"end":{"line":2,"column":85}},"2":{"start":{"line":3,"column":0},"end":{"line":3,"column":38}},"4":{"start":{"line":5,"column":0},"end":{"line":5,"column":46}},"5":{"start":{"line":6,"column":0},"end":{"line":6,"column":86}},"6":{"start":{"line":7,"column":0},"end":{"line":7,"column":51}},"7":{"start":{"line":8,"column":0},"end":{"line":8,"column":5}},"9":{"start":{"line":10,"column":0},"end":{"line":10,"column":52}},"10":{"start":{"line":11,"column":0},"end":{"line":11,"column":16}},"11":{"start":{"line":12,"column":0},"end":{"line":12,"column":31}},"12":{"start":{"line":13,"column":0},"end":{"line":13,"column":41}},"13":{"start":{"line":14,"column":0},"end":{"line":14,"column":41}},"14":{"start":{"line":15,"column":0},"end":{"line":15,"column":39}},"15":{"start":{"line":16,"column":0},"end":{"line":16,"column":39}},"16":{"start":{"line":17,"column":0},"end":{"line":17,"column":45}},"17":{"start":{"line":18,"column":0},"end":{"line":18,"column":10}},"18":{"start":{"line":19,"column":0},"end":{"line":19,"column":5}},"19":{"start":{"line":20,"column":0},"end":{"line":20,"column":1}},"21":{"start":{"line":22,"column":0},"end":{"line":22,"column":70}},"22":{"start":{"line":23,"column":0},"end":{"line":23,"column":59}},"24":{"start":{"line":25,"column":0},"end":{"line":25,"column":78}},"25":{"start":{"line":26,"column":0},"end":{"line":26,"column":55}},"27":{"start":{"line":28,"column":0},"end":{"line":28,"column":36}},"28":{"start":{"line":29,"column":0},"end":{"line":29,"column":60}},"29":{"start":{"line":30,"column":0},"end":{"line":30,"column":9}},"31":{"start":{"line":32,"column":0},"end":{"line":32,"column":50}},"33":{"start":{"line":34,"column":0},"end":{"line":34,"column":44}},"34":{"start":{"line":35,"column":0},"end":{"line":35,"column":5}},"36":{"start":{"line":37,"column":0},"end":{"line":37,"column":72}},"37":{"start":{"line":38,"column":0},"end":{"line":38,"column":93}},"39":{"start":{"line":40,"column":0},"end":{"line":40,"column":38}},"40":{"start":{"line":41,"column":0},"end":{"line":41,"column":56}},"41":{"start":{"line":42,"column":0},"end":{"line":42,"column":9}},"43":{"start":{"line":44,"column":0},"end":{"line":44,"column":58}},"45":{"start":{"line":46,"column":0},"end":{"line":46,"column":38}},"46":{"start":{"line":47,"column":0},"end":{"line":47,"column":5}},"48":{"start":{"line":49,"column":0},"end":{"line":49,"column":43}},"49":{"start":{"line":50,"column":0},"end":{"line":50,"column":37}},"51":{"start":{"line":52,"column":0},"end":{"line":52,"column":27}},"52":{"start":{"line":53,"column":0},"end":{"line":53,"column":5}},"54":{"start":{"line":55,"column":0},"end":{"line":55,"column":62}},"55":{"start":{"line":56,"column":0},"end":{"line":56,"column":71}},"57":{"start":{"line":58,"column":0},"end":{"line":58,"column":27}},"58":{"start":{"line":59,"column":0},"end":{"line":59,"column":56}},"59":{"start":{"line":60,"column":0},"end":{"line":60,"column":9}},"61":{"start":{"line":62,"column":0},"end":{"line":62,"column":64}},"62":{"start":{"line":63,"column":0},"end":{"line":63,"column":5}},"63":{"start":{"line":64,"column":0},"end":{"line":64,"column":1}}},"s":{"0":1,"1":1,"2":1,"4":1,"5":1,"6":0,"7":0,"9":1,"10":0,"11":0,"12":0,"13":0,"14":0,"15":0,"16":0,"17":0,"18":0,"19":1,"21":1,"22":5,"24":1,"25":1,"27":1,"28":0,"29":0,"31":1,"33":1,"34":1,"36":1,"37":1,"39":1,"40":1,"41":1,"43":0,"45":0,"46":1,"48":1,"49":0,"51":0,"52":0,"54":1,"55":1,"57":1,"58":0,"59":0,"61":1,"62":1,"63":1},"branchMap":{"0":{"type":"branch","line":22,"loc":{"start":{"line":22,"column":7},"end":{"line":23,"column":59}},"locations":[{"start":{"line":22,"column":7},"end":{"line":23,"column":59}}]},"1":{"type":"branch","line":25,"loc":{"start":{"line":25,"column":4},"end":{"line":35,"column":5}},"locations":[{"start":{"line":25,"column":4},"end":{"line":35,"column":5}}]},"2":{"type":"branch","line":28,"loc":{"start":{"line":28,"column":35},"end":{"line":30,"column":9}},"locations":[{"start":{"line":28,"column":35},"end":{"line":30,"column":9}}]},"3":{"type":"branch","line":37,"loc":{"start":{"line":37,"column":4},"end":{"line":47,"column":5}},"locations":[{"start":{"line":37,"column":4},"end":{"line":47,"column":5}}]},"4":{"type":"branch","line":42,"loc":{"start":{"line":42,"column":8},"end":{"line":46,"column":38}},"locations":[{"start":{"line":42,"column":8},"end":{"line":46,"column":38}}]},"5":{"type":"branch","line":38,"loc":{"start":{"line":38,"column":61},"end":{"line":38,"column":91}},"locations":[{"start":{"line":38,"column":61},"end":{"line":38,"column":91}}]},"6":{"type":"branch","line":55,"loc":{"start":{"line":55,"column":4},"end":{"line":63,"column":5}},"locations":[{"start":{"line":55,"column":4},"end":{"line":63,"column":5}}]},"7":{"type":"branch","line":58,"loc":{"start":{"line":58,"column":26},"end":{"line":60,"column":9}},"locations":[{"start":{"line":58,"column":26},"end":{"line":60,"column":9}}]},"8":{"type":"branch","line":56,"loc":{"start":{"line":56,"column":51},"end":{"line":56,"column":69}},"locations":[{"start":{"line":56,"column":51},"end":{"line":56,"column":69}}]}},"b":{"0":[5],"1":[1],"2":[0],"3":[1],"4":[0],"5":[1],"6":[1],"7":[0],"8":[1]},"fnMap":{"0":{"name":"toDomain","decl":{"start":{"line":6,"column":11},"end":{"line":8,"column":5}},"loc":{"start":{"line":6,"column":11},"end":{"line":8,"column":5}},"line":6},"1":{"name":"toPersistence","decl":{"start":{"line":10,"column":11},"end":{"line":19,"column":5}},"loc":{"start":{"line":10,"column":11},"end":{"line":19,"column":5}},"line":10},"2":{"name":"TransactionRepositoryMock","decl":{"start":{"line":22,"column":7},"end":{"line":23,"column":59}},"loc":{"start":{"line":22,"column":7},"end":{"line":23,"column":59}},"line":22},"3":{"name":"create","decl":{"start":{"line":25,"column":4},"end":{"line":35,"column":5}},"loc":{"start":{"line":25,"column":4},"end":{"line":35,"column":5}},"line":25},"4":{"name":"save","decl":{"start":{"line":37,"column":4},"end":{"line":47,"column":5}},"loc":{"start":{"line":37,"column":4},"end":{"line":47,"column":5}},"line":37},"5":{"name":"delete","decl":{"start":{"line":49,"column":4},"end":{"line":53,"column":5}},"loc":{"start":{"line":49,"column":4},"end":{"line":53,"column":5}},"line":49},"6":{"name":"findById","decl":{"start":{"line":55,"column":4},"end":{"line":63,"column":5}},"loc":{"start":{"line":55,"column":4},"end":{"line":63,"column":5}},"line":55}},"f":{"0":0,"1":0,"2":5,"3":1,"4":1,"5":0,"6":1}}
,"/home/arthurgustavo/projects/js-ts/pic-pay/src/utils/wallet-repository-mock.ts": {"path":"/home/arthurgustavo/projects/js-ts/pic-pay/src/utils/wallet-repository-mock.ts","all":false,"statementMap":{"0":{"start":{"line":1,"column":0},"end":{"line":1,"column":96}},"2":{"start":{"line":3,"column":0},"end":{"line":3,"column":38}},"4":{"start":{"line":5,"column":0},"end":{"line":5,"column":41}},"5":{"start":{"line":6,"column":0},"end":{"line":6,"column":71}},"6":{"start":{"line":7,"column":0},"end":{"line":7,"column":41}},"7":{"start":{"line":8,"column":0},"end":{"line":8,"column":5}},"9":{"start":{"line":10,"column":0},"end":{"line":10,"column":42}},"10":{"start":{"line":11,"column":0},"end":{"line":11,"column":16}},"11":{"start":{"line":12,"column":0},"end":{"line":12,"column":26}},"12":{"start":{"line":13,"column":0},"end":{"line":13,"column":30}},"13":{"start":{"line":14,"column":0},"end":{"line":14,"column":28}},"14":{"start":{"line":15,"column":0},"end":{"line":15,"column":32}},"15":{"start":{"line":16,"column":0},"end":{"line":16,"column":32}},"16":{"start":{"line":17,"column":0},"end":{"line":17,"column":36}},"17":{"start":{"line":18,"column":0},"end":{"line":18,"column":38}},"18":{"start":{"line":19,"column":0},"end":{"line":19,"column":42}},"19":{"start":{"line":20,"column":0},"end":{"line":20,"column":10}},"20":{"start":{"line":21,"column":0},"end":{"line":21,"column":5}},"21":{"start":{"line":22,"column":0},"end":{"line":22,"column":1}},"24":{"start":{"line":25,"column":0},"end":{"line":25,"column":63}},"25":{"start":{"line":26,"column":0},"end":{"line":26,"column":49}},"27":{"start":{"line":28,"column":0},"end":{"line":28,"column":89}},"28":{"start":{"line":29,"column":0},"end":{"line":29,"column":70}},"30":{"start":{"line":31,"column":0},"end":{"line":31,"column":37}},"31":{"start":{"line":32,"column":0},"end":{"line":32,"column":56}},"32":{"start":{"line":33,"column":0},"end":{"line":33,"column":9}},"34":{"start":{"line":35,"column":0},"end":{"line":35,"column":57}},"36":{"start":{"line":37,"column":0},"end":{"line":37,"column":31}},"37":{"start":{"line":38,"column":0},"end":{"line":38,"column":55}},"38":{"start":{"line":39,"column":0},"end":{"line":39,"column":9}},"40":{"start":{"line":41,"column":0},"end":{"line":41,"column":78}},"42":{"start":{"line":43,"column":0},"end":{"line":43,"column":34}},"44":{"start":{"line":45,"column":0},"end":{"line":45,"column":39}},"46":{"start":{"line":47,"column":0},"end":{"line":47,"column":5}},"48":{"start":{"line":49,"column":0},"end":{"line":49,"column":86}},"49":{"start":{"line":50,"column":0},"end":{"line":50,"column":57}},"51":{"start":{"line":52,"column":0},"end":{"line":52,"column":41}},"52":{"start":{"line":53,"column":0},"end":{"line":53,"column":51}},"53":{"start":{"line":54,"column":0},"end":{"line":54,"column":9}},"55":{"start":{"line":56,"column":0},"end":{"line":56,"column":46}},"57":{"start":{"line":58,"column":0},"end":{"line":58,"column":48}},"58":{"start":{"line":59,"column":0},"end":{"line":59,"column":60}},"59":{"start":{"line":60,"column":0},"end":{"line":60,"column":48}},"60":{"start":{"line":61,"column":0},"end":{"line":61,"column":54}},"61":{"start":{"line":62,"column":0},"end":{"line":62,"column":51}},"62":{"start":{"line":63,"column":0},"end":{"line":63,"column":63}},"63":{"start":{"line":64,"column":0},"end":{"line":64,"column":54}},"64":{"start":{"line":65,"column":0},"end":{"line":65,"column":69}},"65":{"start":{"line":66,"column":0},"end":{"line":66,"column":10}},"67":{"start":{"line":68,"column":0},"end":{"line":68,"column":52}},"69":{"start":{"line":70,"column":0},"end":{"line":70,"column":31}},"70":{"start":{"line":71,"column":0},"end":{"line":71,"column":55}},"71":{"start":{"line":72,"column":0},"end":{"line":72,"column":9}},"73":{"start":{"line":74,"column":0},"end":{"line":74,"column":82}},"75":{"start":{"line":76,"column":0},"end":{"line":76,"column":39}},"76":{"start":{"line":77,"column":0},"end":{"line":77,"column":5}},"78":{"start":{"line":79,"column":0},"end":{"line":79,"column":53}},"79":{"start":{"line":80,"column":0},"end":{"line":80,"column":47}},"81":{"start":{"line":82,"column":0},"end":{"line":82,"column":31}},"82":{"start":{"line":83,"column":0},"end":{"line":83,"column":51}},"83":{"start":{"line":84,"column":0},"end":{"line":84,"column":9}},"86":{"start":{"line":87,"column":0},"end":{"line":87,"column":74}},"88":{"start":{"line":89,"column":0},"end":{"line":89,"column":39}},"90":{"start":{"line":91,"column":0},"end":{"line":91,"column":27}},"91":{"start":{"line":92,"column":0},"end":{"line":92,"column":5}},"93":{"start":{"line":94,"column":0},"end":{"line":94,"column":57}},"94":{"start":{"line":95,"column":0},"end":{"line":95,"column":69}},"96":{"start":{"line":97,"column":0},"end":{"line":97,"column":22}},"97":{"start":{"line":98,"column":0},"end":{"line":98,"column":51}},"98":{"start":{"line":99,"column":0},"end":{"line":99,"column":9}},"100":{"start":{"line":101,"column":0},"end":{"line":101,"column":78}},"102":{"start":{"line":103,"column":0},"end":{"line":103,"column":39}},"104":{"start":{"line":105,"column":0},"end":{"line":105,"column":5}},"106":{"start":{"line":107,"column":0},"end":{"line":107,"column":59}},"107":{"start":{"line":108,"column":0},"end":{"line":108,"column":71}},"109":{"start":{"line":110,"column":0},"end":{"line":110,"column":22}},"110":{"start":{"line":111,"column":0},"end":{"line":111,"column":51}},"111":{"start":{"line":112,"column":0},"end":{"line":112,"column":9}},"113":{"start":{"line":114,"column":0},"end":{"line":114,"column":78}},"115":{"start":{"line":116,"column":0},"end":{"line":116,"column":39}},"116":{"start":{"line":117,"column":0},"end":{"line":117,"column":5}},"118":{"start":{"line":119,"column":0},"end":{"line":119,"column":63}},"119":{"start":{"line":120,"column":0},"end":{"line":120,"column":75}},"121":{"start":{"line":122,"column":0},"end":{"line":122,"column":22}},"122":{"start":{"line":123,"column":0},"end":{"line":123,"column":51}},"123":{"start":{"line":124,"column":0},"end":{"line":124,"column":9}},"125":{"start":{"line":126,"column":0},"end":{"line":126,"column":78}},"127":{"start":{"line":128,"column":0},"end":{"line":128,"column":39}},"128":{"start":{"line":129,"column":0},"end":{"line":129,"column":5}},"130":{"start":{"line":131,"column":0},"end":{"line":131,"column":63}},"131":{"start":{"line":132,"column":0},"end":{"line":132,"column":75}},"133":{"start":{"line":134,"column":0},"end":{"line":134,"column":22}},"134":{"start":{"line":135,"column":0},"end":{"line":135,"column":51}},"135":{"start":{"line":136,"column":0},"end":{"line":136,"column":9}},"137":{"start":{"line":138,"column":0},"end":{"line":138,"column":78}},"139":{"start":{"line":140,"column":0},"end":{"line":140,"column":39}},"140":{"start":{"line":141,"column":0},"end":{"line":141,"column":5}},"142":{"start":{"line":143,"column":0},"end":{"line":143,"column":1}}},"s":{"0":1,"2":1,"4":1,"5":1,"6":26,"7":26,"9":1,"10":36,"11":36,"12":36,"13":36,"14":36,"15":36,"16":36,"17":36,"18":36,"19":36,"20":36,"21":1,"24":1,"25":40,"27":1,"28":37,"30":37,"31":1,"32":1,"34":36,"36":36,"37":4,"38":4,"40":32,"42":32,"44":32,"46":37,"48":1,"49":9,"51":9,"52":1,"53":1,"55":8,"57":8,"58":9,"59":9,"60":9,"61":9,"62":9,"63":9,"64":9,"65":9,"67":9,"69":9,"70":4,"71":4,"73":4,"75":4,"76":9,"78":1,"79":4,"81":4,"82":2,"83":2,"86":2,"88":2,"90":2,"91":4,"93":1,"94":26,"96":26,"97":7,"98":7,"100":19,"102":19,"104":26,"106":1,"107":41,"109":41,"110":38,"111":38,"113":3,"115":3,"116":41,"118":1,"119":4,"121":4,"122":2,"123":2,"125":2,"127":2,"128":4,"130":1,"131":4,"133":4,"134":2,"135":2,"137":2,"139":2,"140":4,"142":1},"branchMap":{"0":{"type":"branch","line":6,"loc":{"start":{"line":6,"column":11},"end":{"line":8,"column":5}},"locations":[{"start":{"line":6,"column":11},"end":{"line":8,"column":5}}]},"1":{"type":"branch","line":10,"loc":{"start":{"line":10,"column":11},"end":{"line":21,"column":5}},"locations":[{"start":{"line":10,"column":11},"end":{"line":21,"column":5}}]},"2":{"type":"branch","line":25,"loc":{"start":{"line":25,"column":7},"end":{"line":26,"column":49}},"locations":[{"start":{"line":25,"column":7},"end":{"line":26,"column":49}}]},"3":{"type":"branch","line":28,"loc":{"start":{"line":28,"column":4},"end":{"line":47,"column":5}},"locations":[{"start":{"line":28,"column":4},"end":{"line":47,"column":5}}]},"4":{"type":"branch","line":31,"loc":{"start":{"line":31,"column":36},"end":{"line":33,"column":9}},"locations":[{"start":{"line":31,"column":36},"end":{"line":33,"column":9}}]},"5":{"type":"branch","line":33,"loc":{"start":{"line":33,"column":8},"end":{"line":45,"column":39}},"locations":[{"start":{"line":33,"column":8},"end":{"line":45,"column":39}}]},"6":{"type":"branch","line":37,"loc":{"start":{"line":37,"column":30},"end":{"line":39,"column":9}},"locations":[{"start":{"line":37,"column":30},"end":{"line":39,"column":9}}]},"7":{"type":"branch","line":39,"loc":{"start":{"line":39,"column":8},"end":{"line":45,"column":39}},"locations":[{"start":{"line":39,"column":8},"end":{"line":45,"column":39}}]},"8":{"type":"branch","line":49,"loc":{"start":{"line":49,"column":4},"end":{"line":77,"column":5}},"locations":[{"start":{"line":49,"column":4},"end":{"line":77,"column":5}}]},"9":{"type":"branch","line":52,"loc":{"start":{"line":52,"column":40},"end":{"line":54,"column":9}},"locations":[{"start":{"line":52,"column":40},"end":{"line":54,"column":9}}]},"10":{"type":"branch","line":54,"loc":{"start":{"line":54,"column":8},"end":{"line":59,"column":45}},"locations":[{"start":{"line":54,"column":8},"end":{"line":59,"column":45}}]},"11":{"type":"branch","line":59,"loc":{"start":{"line":59,"column":34},"end":{"line":59,"column":60}},"locations":[{"start":{"line":59,"column":34},"end":{"line":59,"column":60}}]},"12":{"type":"branch","line":60,"loc":{"start":{"line":60,"column":30},"end":{"line":60,"column":48}},"locations":[{"start":{"line":60,"column":30},"end":{"line":60,"column":48}}]},"13":{"type":"branch","line":61,"loc":{"start":{"line":61,"column":32},"end":{"line":61,"column":54}},"locations":[{"start":{"line":61,"column":32},"end":{"line":61,"column":54}}]},"14":{"type":"branch","line":62,"loc":{"start":{"line":62,"column":31},"end":{"line":62,"column":51}},"locations":[{"start":{"line":62,"column":31},"end":{"line":62,"column":51}}]},"15":{"type":"branch","line":63,"loc":{"start":{"line":63,"column":35},"end":{"line":63,"column":63}},"locations":[{"start":{"line":63,"column":35},"end":{"line":63,"column":63}}]},"16":{"type":"branch","line":64,"loc":{"start":{"line":64,"column":32},"end":{"line":64,"column":54}},"locations":[{"start":{"line":64,"column":32},"end":{"line":64,"column":54}}]},"17":{"type":"branch","line":65,"loc":{"start":{"line":65,"column":37},"end":{"line":65,"column":69}},"locations":[{"start":{"line":65,"column":37},"end":{"line":65,"column":69}}]},"18":{"type":"branch","line":70,"loc":{"start":{"line":70,"column":30},"end":{"line":76,"column":39}},"locations":[{"start":{"line":70,"column":30},"end":{"line":76,"column":39}}]},"19":{"type":"branch","line":79,"loc":{"start":{"line":79,"column":4},"end":{"line":92,"column":5}},"locations":[{"start":{"line":79,"column":4},"end":{"line":92,"column":5}}]},"20":{"type":"branch","line":82,"loc":{"start":{"line":82,"column":30},"end":{"line":91,"column":27}},"locations":[{"start":{"line":82,"column":30},"end":{"line":91,"column":27}}]},"21":{"type":"branch","line":87,"loc":{"start":{"line":87,"column":46},"end":{"line":87,"column":72}},"locations":[{"start":{"line":87,"column":46},"end":{"line":87,"column":72}}]},"22":{"type":"branch","line":94,"loc":{"start":{"line":94,"column":4},"end":{"line":105,"column":5}},"locations":[{"start":{"line":94,"column":4},"end":{"line":105,"column":5}}]},"23":{"type":"branch","line":97,"loc":{"start":{"line":97,"column":21},"end":{"line":103,"column":39}},"locations":[{"start":{"line":97,"column":21},"end":{"line":103,"column":39}}]},"24":{"type":"branch","line":97,"loc":{"start":{"line":97,"column":21},"end":{"line":99,"column":9}},"locations":[{"start":{"line":97,"column":21},"end":{"line":99,"column":9}}]},"25":{"type":"branch","line":99,"loc":{"start":{"line":99,"column":8},"end":{"line":103,"column":39}},"locations":[{"start":{"line":99,"column":8},"end":{"line":103,"column":39}}]},"26":{"type":"branch","line":95,"loc":{"start":{"line":95,"column":41},"end":{"line":95,"column":67}},"locations":[{"start":{"line":95,"column":41},"end":{"line":95,"column":67}}]},"27":{"type":"branch","line":107,"loc":{"start":{"line":107,"column":4},"end":{"line":117,"column":5}},"locations":[{"start":{"line":107,"column":4},"end":{"line":117,"column":5}}]},"28":{"type":"branch","line":110,"loc":{"start":{"line":110,"column":21},"end":{"line":112,"column":9}},"locations":[{"start":{"line":110,"column":21},"end":{"line":112,"column":9}}]},"29":{"type":"branch","line":112,"loc":{"start":{"line":112,"column":8},"end":{"line":116,"column":39}},"locations":[{"start":{"line":112,"column":8},"end":{"line":116,"column":39}}]},"30":{"type":"branch","line":108,"loc":{"start":{"line":108,"column":41},"end":{"line":108,"column":69}},"locations":[{"start":{"line":108,"column":41},"end":{"line":108,"column":69}}]},"31":{"type":"branch","line":119,"loc":{"start":{"line":119,"column":4},"end":{"line":129,"column":5}},"locations":[{"start":{"line":119,"column":4},"end":{"line":129,"column":5}}]},"32":{"type":"branch","line":122,"loc":{"start":{"line":122,"column":21},"end":{"line":128,"column":39}},"locations":[{"start":{"line":122,"column":21},"end":{"line":128,"column":39}}]},"33":{"type":"branch","line":120,"loc":{"start":{"line":120,"column":41},"end":{"line":120,"column":73}},"locations":[{"start":{"line":120,"column":41},"end":{"line":120,"column":73}}]},"34":{"type":"branch","line":131,"loc":{"start":{"line":131,"column":4},"end":{"line":141,"column":5}},"locations":[{"start":{"line":131,"column":4},"end":{"line":141,"column":5}}]},"35":{"type":"branch","line":134,"loc":{"start":{"line":134,"column":21},"end":{"line":140,"column":39}},"locations":[{"start":{"line":134,"column":21},"end":{"line":140,"column":39}}]},"36":{"type":"branch","line":132,"loc":{"start":{"line":132,"column":41},"end":{"line":132,"column":73}},"locations":[{"start":{"line":132,"column":41},"end":{"line":132,"column":73}}]}},"b":{"0":[26],"1":[36],"2":[40],"3":[37],"4":[1],"5":[36],"6":[4],"7":[32],"8":[9],"9":[1],"10":[8],"11":[2],"12":[3],"13":[4],"14":[4],"15":[4],"16":[3],"17":[4],"18":[4],"19":[4],"20":[2],"21":[2],"22":[26],"23":[24],"24":[7],"25":[19],"26":[26],"27":[41],"28":[38],"29":[3],"30":[7],"31":[4],"32":[2],"33":[3],"34":[4],"35":[2],"36":[3]},"fnMap":{"0":{"name":"toDomain","decl":{"start":{"line":6,"column":11},"end":{"line":8,"column":5}},"loc":{"start":{"line":6,"column":11},"end":{"line":8,"column":5}},"line":6},"1":{"name":"toPersistence","decl":{"start":{"line":10,"column":11},"end":{"line":21,"column":5}},"loc":{"start":{"line":10,"column":11},"end":{"line":21,"column":5}},"line":10},"2":{"name":"WalletRepositoryMock","decl":{"start":{"line":25,"column":7},"end":{"line":26,"column":49}},"loc":{"start":{"line":25,"column":7},"end":{"line":26,"column":49}},"line":25},"3":{"name":"create","decl":{"start":{"line":28,"column":4},"end":{"line":47,"column":5}},"loc":{"start":{"line":28,"column":4},"end":{"line":47,"column":5}},"line":28},"4":{"name":"update","decl":{"start":{"line":49,"column":4},"end":{"line":77,"column":5}},"loc":{"start":{"line":49,"column":4},"end":{"line":77,"column":5}},"line":49},"5":{"name":"delete","decl":{"start":{"line":79,"column":4},"end":{"line":92,"column":5}},"loc":{"start":{"line":79,"column":4},"end":{"line":92,"column":5}},"line":79},"6":{"name":"findById","decl":{"start":{"line":94,"column":4},"end":{"line":105,"column":5}},"loc":{"start":{"line":94,"column":4},"end":{"line":105,"column":5}},"line":94},"7":{"name":"findByCpf","decl":{"start":{"line":107,"column":4},"end":{"line":117,"column":5}},"loc":{"start":{"line":107,"column":4},"end":{"line":117,"column":5}},"line":107},"8":{"name":"findByEmail","decl":{"start":{"line":119,"column":4},"end":{"line":129,"column":5}},"loc":{"start":{"line":119,"column":4},"end":{"line":129,"column":5}},"line":119},"9":{"name":"findByPhone","decl":{"start":{"line":131,"column":4},"end":{"line":141,"column":5}},"loc":{"start":{"line":131,"column":4},"end":{"line":141,"column":5}},"line":131}},"f":{"0":26,"1":36,"2":40,"3":37,"4":9,"5":4,"6":26,"7":41,"8":4,"9":4}}
}
