{"/home/arthurgustavo/projects/js-ts/pic-pay/src/index.ts": {"path":"/home/arthurgustavo/projects/js-ts/pic-pay/src/index.ts","all":true,"statementMap":{"0":{"start":{"line":1,"column":0},"end":{"line":1,"column":17}},"1":{"start":{"line":2,"column":0},"end":{"line":2,"column":33}},"2":{"start":{"line":3,"column":0},"end":{"line":3,"column":1}},"4":{"start":{"line":5,"column":0},"end":{"line":5,"column":7}}},"s":{"0":0,"1":0,"2":0,"4":0},"branchMap":{"0":{"type":"branch","line":1,"loc":{"start":{"line":1,"column":62},"end":{"line":5,"column":7}},"locations":[{"start":{"line":1,"column":62},"end":{"line":5,"column":7}}]}},"b":{"0":[0]},"fnMap":{"0":{"name":"(empty-report)","decl":{"start":{"line":1,"column":62},"end":{"line":5,"column":7}},"loc":{"start":{"line":1,"column":62},"end":{"line":5,"column":7}},"line":1}},"f":{"0":0}}
,"/home/arthurgustavo/projects/js-ts/pic-pay/src/domain/authorize/authorizer-service.ts": {"path":"/home/arthurgustavo/projects/js-ts/pic-pay/src/domain/authorize/authorizer-service.ts","all":true,"statementMap":{"0":{"start":{"line":1,"column":0},"end":{"line":1,"column":57}},"8":{"start":{"line":9,"column":0},"end":{"line":9,"column":25}},"11":{"start":{"line":12,"column":0},"end":{"line":12,"column":41}},"12":{"start":{"line":13,"column":0},"end":{"line":13,"column":37}},"13":{"start":{"line":14,"column":0},"end":{"line":14,"column":5}},"15":{"start":{"line":16,"column":0},"end":{"line":16,"column":78}},"16":{"start":{"line":17,"column":0},"end":{"line":17,"column":80}},"18":{"start":{"line":19,"column":0},"end":{"line":19,"column":54}},"20":{"start":{"line":21,"column":0},"end":{"line":21,"column":21}},"21":{"start":{"line":22,"column":0},"end":{"line":22,"column":5}},"22":{"start":{"line":23,"column":0},"end":{"line":23,"column":1}}},"s":{"0":0,"8":0,"11":0,"12":0,"13":0,"15":0,"16":0,"18":0,"20":0,"21":0,"22":0},"branchMap":{"0":{"type":"branch","line":1,"loc":{"start":{"line":1,"column":623},"end":{"line":25,"column":29}},"locations":[{"start":{"line":1,"column":623},"end":{"line":25,"column":29}}]}},"b":{"0":[0]},"fnMap":{"0":{"name":"(empty-report)","decl":{"start":{"line":1,"column":623},"end":{"line":25,"column":29}},"loc":{"start":{"line":1,"column":623},"end":{"line":25,"column":29}},"line":1}},"f":{"0":0}}
,"/home/arthurgustavo/projects/js-ts/pic-pay/src/domain/transaction/transaction-repository.ts": {"path":"/home/arthurgustavo/projects/js-ts/pic-pay/src/domain/transaction/transaction-repository.ts","all":true,"statementMap":{"2":{"start":{"line":3,"column":0},"end":{"line":3,"column":38}},"6":{"start":{"line":7,"column":0},"end":{"line":7,"column":1}}},"s":{"2":0,"6":0},"branchMap":{"0":{"type":"branch","line":1,"loc":{"start":{"line":1,"column":318},"end":{"line":9,"column":33}},"locations":[{"start":{"line":1,"column":318},"end":{"line":9,"column":33}}]}},"b":{"0":[1]},"fnMap":{"0":{"name":"(empty-report)","decl":{"start":{"line":1,"column":318},"end":{"line":9,"column":33}},"loc":{"start":{"line":1,"column":318},"end":{"line":9,"column":33}},"line":1}},"f":{"0":1}}
,"/home/arthurgustavo/projects/js-ts/pic-pay/src/domain/transaction/transaction.ts": {"path":"/home/arthurgustavo/projects/js-ts/pic-pay/src/domain/transaction/transaction.ts","all":true,"statementMap":{"0":{"start":{"line":1,"column":0},"end":{"line":1,"column":45}},"8":{"start":{"line":9,"column":0},"end":{"line":9,"column":34}},"12":{"start":{"line":13,"column":0},"end":{"line":13,"column":45}},"14":{"start":{"line":15,"column":0},"end":{"line":15,"column":16}},"15":{"start":{"line":16,"column":0},"end":{"line":16,"column":59}},"16":{"start":{"line":17,"column":0},"end":{"line":17,"column":20}},"17":{"start":{"line":18,"column":0},"end":{"line":18,"column":7}},"18":{"start":{"line":19,"column":0},"end":{"line":19,"column":18}},"20":{"start":{"line":21,"column":0},"end":{"line":21,"column":32}},"21":{"start":{"line":22,"column":0},"end":{"line":22,"column":32}},"22":{"start":{"line":23,"column":0},"end":{"line":23,"column":30}},"23":{"start":{"line":24,"column":0},"end":{"line":24,"column":5}},"25":{"start":{"line":26,"column":0},"end":{"line":26,"column":19}},"26":{"start":{"line":27,"column":0},"end":{"line":27,"column":29}},"27":{"start":{"line":28,"column":0},"end":{"line":28,"column":5}},"29":{"start":{"line":30,"column":0},"end":{"line":30,"column":19}},"30":{"start":{"line":31,"column":0},"end":{"line":31,"column":29}},"31":{"start":{"line":32,"column":0},"end":{"line":32,"column":5}},"33":{"start":{"line":34,"column":0},"end":{"line":34,"column":18}},"34":{"start":{"line":35,"column":0},"end":{"line":35,"column":28}},"35":{"start":{"line":36,"column":0},"end":{"line":36,"column":5}},"36":{"start":{"line":37,"column":0},"end":{"line":37,"column":1}}},"s":{"0":0,"8":0,"12":0,"14":0,"15":0,"16":0,"17":0,"18":0,"20":0,"21":0,"22":0,"23":0,"25":0,"26":0,"27":0,"29":0,"30":0,"31":0,"33":0,"34":0,"35":0,"36":0},"branchMap":{"0":{"type":"branch","line":1,"loc":{"start":{"line":1,"column":753},"end":{"line":39,"column":23}},"locations":[{"start":{"line":1,"column":753},"end":{"line":39,"column":23}}]}},"b":{"0":[0]},"fnMap":{"0":{"name":"(empty-report)","decl":{"start":{"line":1,"column":753},"end":{"line":39,"column":23}},"loc":{"start":{"line":1,"column":753},"end":{"line":39,"column":23}},"line":1}},"f":{"0":0}}
,"/home/arthurgustavo/projects/js-ts/pic-pay/src/domain/wallet/wallet-repository.ts": {"path":"/home/arthurgustavo/projects/js-ts/pic-pay/src/domain/wallet/wallet-repository.ts","all":true,"statementMap":{"3":{"start":{"line":4,"column":0},"end":{"line":4,"column":40}},"11":{"start":{"line":12,"column":0},"end":{"line":12,"column":1}}},"s":{"3":0,"11":0},"branchMap":{"0":{"type":"branch","line":1,"loc":{"start":{"line":1,"column":624},"end":{"line":12,"column":1}},"locations":[{"start":{"line":1,"column":624},"end":{"line":12,"column":1}}]}},"b":{"0":[1]},"fnMap":{"0":{"name":"(empty-report)","decl":{"start":{"line":1,"column":624},"end":{"line":12,"column":1}},"loc":{"start":{"line":1,"column":624},"end":{"line":12,"column":1}},"line":1}},"f":{"0":1}}
,"/home/arthurgustavo/projects/js-ts/pic-pay/src/domain/wallet/wallet.ts": {"path":"/home/arthurgustavo/projects/js-ts/pic-pay/src/domain/wallet/wallet.ts","all":false,"statementMap":{"0":{"start":{"line":1,"column":0},"end":{"line":1,"column":45}},"1":{"start":{"line":2,"column":0},"end":{"line":2,"column":41}},"2":{"start":{"line":3,"column":0},"end":{"line":3,"column":71}},"16":{"start":{"line":17,"column":0},"end":{"line":17,"column":24}},"17":{"start":{"line":18,"column":0},"end":{"line":18,"column":15}},"18":{"start":{"line":19,"column":0},"end":{"line":19,"column":19}},"32":{"start":{"line":33,"column":0},"end":{"line":33,"column":44}},"40":{"start":{"line":41,"column":0},"end":{"line":41,"column":44}},"42":{"start":{"line":43,"column":0},"end":{"line":43,"column":24}},"43":{"start":{"line":44,"column":0},"end":{"line":44,"column":9}},"44":{"start":{"line":45,"column":0},"end":{"line":45,"column":21}},"45":{"start":{"line":46,"column":0},"end":{"line":46,"column":16}},"46":{"start":{"line":47,"column":0},"end":{"line":47,"column":20}},"47":{"start":{"line":48,"column":0},"end":{"line":48,"column":18}},"48":{"start":{"line":49,"column":0},"end":{"line":49,"column":21}},"49":{"start":{"line":50,"column":0},"end":{"line":50,"column":18}},"50":{"start":{"line":51,"column":0},"end":{"line":51,"column":23}},"51":{"start":{"line":52,"column":0},"end":{"line":52,"column":27}},"52":{"start":{"line":53,"column":0},"end":{"line":53,"column":20}},"53":{"start":{"line":54,"column":0},"end":{"line":54,"column":7}},"54":{"start":{"line":55,"column":0},"end":{"line":55,"column":18}},"56":{"start":{"line":57,"column":0},"end":{"line":57,"column":32}},"57":{"start":{"line":58,"column":0},"end":{"line":58,"column":34}},"58":{"start":{"line":59,"column":0},"end":{"line":59,"column":24}},"59":{"start":{"line":60,"column":0},"end":{"line":60,"column":28}},"60":{"start":{"line":61,"column":0},"end":{"line":61,"column":28}},"61":{"start":{"line":62,"column":0},"end":{"line":62,"column":34}},"62":{"start":{"line":63,"column":0},"end":{"line":63,"column":34}},"63":{"start":{"line":64,"column":0},"end":{"line":64,"column":38}},"64":{"start":{"line":65,"column":0},"end":{"line":65,"column":5}},"66":{"start":{"line":67,"column":0},"end":{"line":67,"column":18}},"67":{"start":{"line":68,"column":0},"end":{"line":68,"column":32}},"68":{"start":{"line":69,"column":0},"end":{"line":69,"column":20}},"69":{"start":{"line":70,"column":0},"end":{"line":70,"column":23}},"71":{"start":{"line":72,"column":0},"end":{"line":72,"column":38}},"72":{"start":{"line":73,"column":0},"end":{"line":73,"column":54}},"73":{"start":{"line":74,"column":0},"end":{"line":74,"column":9}},"75":{"start":{"line":76,"column":0},"end":{"line":76,"column":46}},"76":{"start":{"line":77,"column":0},"end":{"line":77,"column":58}},"77":{"start":{"line":78,"column":0},"end":{"line":78,"column":9}},"79":{"start":{"line":80,"column":0},"end":{"line":80,"column":42}},"80":{"start":{"line":81,"column":0},"end":{"line":81,"column":56}},"81":{"start":{"line":82,"column":0},"end":{"line":82,"column":9}},"83":{"start":{"line":84,"column":0},"end":{"line":84,"column":48}},"84":{"start":{"line":85,"column":0},"end":{"line":85,"column":5}},"86":{"start":{"line":87,"column":0},"end":{"line":87,"column":18}},"87":{"start":{"line":88,"column":0},"end":{"line":88,"column":32}},"88":{"start":{"line":89,"column":0},"end":{"line":89,"column":19}},"89":{"start":{"line":90,"column":0},"end":{"line":90,"column":23}},"90":{"start":{"line":91,"column":0},"end":{"line":91,"column":68}},"92":{"start":{"line":93,"column":0},"end":{"line":93,"column":31}},"93":{"start":{"line":94,"column":0},"end":{"line":94,"column":55}},"94":{"start":{"line":95,"column":0},"end":{"line":95,"column":9}},"96":{"start":{"line":97,"column":0},"end":{"line":97,"column":22}},"97":{"start":{"line":98,"column":0},"end":{"line":98,"column":5}},"99":{"start":{"line":100,"column":0},"end":{"line":100,"column":20}},"100":{"start":{"line":101,"column":0},"end":{"line":101,"column":30}},"101":{"start":{"line":102,"column":0},"end":{"line":102,"column":5}},"103":{"start":{"line":104,"column":0},"end":{"line":104,"column":15}},"104":{"start":{"line":105,"column":0},"end":{"line":105,"column":25}},"105":{"start":{"line":106,"column":0},"end":{"line":106,"column":5}},"107":{"start":{"line":108,"column":0},"end":{"line":108,"column":19}},"108":{"start":{"line":109,"column":0},"end":{"line":109,"column":29}},"109":{"start":{"line":110,"column":0},"end":{"line":110,"column":5}},"111":{"start":{"line":112,"column":0},"end":{"line":112,"column":17}},"112":{"start":{"line":113,"column":0},"end":{"line":113,"column":27}},"113":{"start":{"line":114,"column":0},"end":{"line":114,"column":5}},"115":{"start":{"line":116,"column":0},"end":{"line":116,"column":20}},"116":{"start":{"line":117,"column":0},"end":{"line":117,"column":30}},"117":{"start":{"line":118,"column":0},"end":{"line":118,"column":5}},"119":{"start":{"line":120,"column":0},"end":{"line":120,"column":17}},"120":{"start":{"line":121,"column":0},"end":{"line":121,"column":27}},"121":{"start":{"line":122,"column":0},"end":{"line":122,"column":5}},"123":{"start":{"line":124,"column":0},"end":{"line":124,"column":22}},"124":{"start":{"line":125,"column":0},"end":{"line":125,"column":32}},"125":{"start":{"line":126,"column":0},"end":{"line":126,"column":5}},"127":{"start":{"line":128,"column":0},"end":{"line":128,"column":21}},"128":{"start":{"line":129,"column":0},"end":{"line":129,"column":31}},"129":{"start":{"line":130,"column":0},"end":{"line":130,"column":5}},"130":{"start":{"line":131,"column":0},"end":{"line":131,"column":1}}},"s":{"0":1,"1":1,"2":1,"16":1,"17":1,"18":1,"32":1,"40":1,"42":1,"43":32,"44":32,"45":32,"46":32,"47":32,"48":32,"49":32,"50":32,"51":32,"52":32,"53":32,"54":32,"56":32,"57":32,"58":32,"59":32,"60":32,"61":32,"62":32,"63":32,"64":32,"66":1,"67":43,"68":43,"69":43,"71":43,"72":3,"73":3,"75":43,"76":5,"77":5,"79":43,"80":3,"81":3,"83":32,"84":43,"86":1,"87":6,"88":6,"89":6,"90":6,"92":6,"93":4,"94":4,"96":2,"97":6,"99":1,"100":28,"101":28,"103":1,"104":34,"105":34,"107":1,"108":29,"109":29,"111":1,"112":29,"113":29,"115":1,"116":27,"117":27,"119":1,"120":31,"121":31,"123":1,"124":28,"125":28,"127":1,"128":1,"129":1,"130":1},"branchMap":{"0":{"type":"branch","line":17,"loc":{"start":{"line":17,"column":7},"end":{"line":17,"column":24}},"locations":[{"start":{"line":17,"column":7},"end":{"line":17,"column":24}}]},"1":{"type":"branch","line":43,"loc":{"start":{"line":43,"column":12},"end":{"line":65,"column":5}},"locations":[{"start":{"line":43,"column":12},"end":{"line":65,"column":5}}]},"2":{"type":"branch","line":67,"loc":{"start":{"line":67,"column":11},"end":{"line":85,"column":5}},"locations":[{"start":{"line":67,"column":11},"end":{"line":85,"column":5}}]},"3":{"type":"branch","line":72,"loc":{"start":{"line":72,"column":37},"end":{"line":74,"column":9}},"locations":[{"start":{"line":72,"column":37},"end":{"line":74,"column":9}}]},"4":{"type":"branch","line":74,"loc":{"start":{"line":74,"column":8},"end":{"line":76,"column":45}},"locations":[{"start":{"line":74,"column":8},"end":{"line":76,"column":45}}]},"5":{"type":"branch","line":76,"loc":{"start":{"line":76,"column":45},"end":{"line":78,"column":9}},"locations":[{"start":{"line":76,"column":45},"end":{"line":78,"column":9}}]},"6":{"type":"branch","line":78,"loc":{"start":{"line":78,"column":8},"end":{"line":80,"column":41}},"locations":[{"start":{"line":78,"column":8},"end":{"line":80,"column":41}}]},"7":{"type":"branch","line":80,"loc":{"start":{"line":80,"column":41},"end":{"line":84,"column":48}},"locations":[{"start":{"line":80,"column":41},"end":{"line":84,"column":48}}]},"8":{"type":"branch","line":80,"loc":{"start":{"line":80,"column":41},"end":{"line":82,"column":9}},"locations":[{"start":{"line":80,"column":41},"end":{"line":82,"column":9}}]},"9":{"type":"branch","line":82,"loc":{"start":{"line":82,"column":8},"end":{"line":84,"column":48}},"locations":[{"start":{"line":82,"column":8},"end":{"line":84,"column":48}}]},"10":{"type":"branch","line":87,"loc":{"start":{"line":87,"column":11},"end":{"line":98,"column":5}},"locations":[{"start":{"line":87,"column":11},"end":{"line":98,"column":5}}]},"11":{"type":"branch","line":93,"loc":{"start":{"line":93,"column":30},"end":{"line":97,"column":22}},"locations":[{"start":{"line":93,"column":30},"end":{"line":97,"column":22}}]},"12":{"type":"branch","line":93,"loc":{"start":{"line":93,"column":30},"end":{"line":95,"column":9}},"locations":[{"start":{"line":93,"column":30},"end":{"line":95,"column":9}}]},"13":{"type":"branch","line":95,"loc":{"start":{"line":95,"column":8},"end":{"line":97,"column":22}},"locations":[{"start":{"line":95,"column":8},"end":{"line":97,"column":22}}]},"14":{"type":"branch","line":100,"loc":{"start":{"line":100,"column":4},"end":{"line":102,"column":5}},"locations":[{"start":{"line":100,"column":4},"end":{"line":102,"column":5}}]},"15":{"type":"branch","line":104,"loc":{"start":{"line":104,"column":4},"end":{"line":106,"column":5}},"locations":[{"start":{"line":104,"column":4},"end":{"line":106,"column":5}}]},"16":{"type":"branch","line":108,"loc":{"start":{"line":108,"column":4},"end":{"line":110,"column":5}},"locations":[{"start":{"line":108,"column":4},"end":{"line":110,"column":5}}]},"17":{"type":"branch","line":112,"loc":{"start":{"line":112,"column":4},"end":{"line":114,"column":5}},"locations":[{"start":{"line":112,"column":4},"end":{"line":114,"column":5}}]},"18":{"type":"branch","line":116,"loc":{"start":{"line":116,"column":4},"end":{"line":118,"column":5}},"locations":[{"start":{"line":116,"column":4},"end":{"line":118,"column":5}}]},"19":{"type":"branch","line":120,"loc":{"start":{"line":120,"column":4},"end":{"line":122,"column":5}},"locations":[{"start":{"line":120,"column":4},"end":{"line":122,"column":5}}]},"20":{"type":"branch","line":124,"loc":{"start":{"line":124,"column":4},"end":{"line":126,"column":5}},"locations":[{"start":{"line":124,"column":4},"end":{"line":126,"column":5}}]},"21":{"type":"branch","line":128,"loc":{"start":{"line":128,"column":4},"end":{"line":130,"column":5}},"locations":[{"start":{"line":128,"column":4},"end":{"line":130,"column":5}}]}},"b":{"0":[4],"1":[32],"2":[43],"3":[3],"4":[40],"5":[5],"6":[35],"7":[40],"8":[3],"9":[32],"10":[6],"11":[5],"12":[4],"13":[2],"14":[28],"15":[34],"16":[29],"17":[29],"18":[27],"19":[31],"20":[28],"21":[1]},"fnMap":{"0":{"name":"Wallet","decl":{"start":{"line":43,"column":12},"end":{"line":65,"column":5}},"loc":{"start":{"line":43,"column":12},"end":{"line":65,"column":5}},"line":43},"1":{"name":"create","decl":{"start":{"line":67,"column":11},"end":{"line":85,"column":5}},"loc":{"start":{"line":67,"column":11},"end":{"line":85,"column":5}},"line":67},"2":{"name":"update","decl":{"start":{"line":87,"column":11},"end":{"line":98,"column":5}},"loc":{"start":{"line":87,"column":11},"end":{"line":98,"column":5}},"line":87},"3":{"name":"get fullName","decl":{"start":{"line":100,"column":4},"end":{"line":102,"column":5}},"loc":{"start":{"line":100,"column":4},"end":{"line":102,"column":5}},"line":100},"4":{"name":"get cpf","decl":{"start":{"line":104,"column":4},"end":{"line":106,"column":5}},"loc":{"start":{"line":104,"column":4},"end":{"line":106,"column":5}},"line":104},"5":{"name":"get balance","decl":{"start":{"line":108,"column":4},"end":{"line":110,"column":5}},"loc":{"start":{"line":108,"column":4},"end":{"line":110,"column":5}},"line":108},"6":{"name":"get email","decl":{"start":{"line":112,"column":4},"end":{"line":114,"column":5}},"loc":{"start":{"line":112,"column":4},"end":{"line":114,"column":5}},"line":112},"7":{"name":"get password","decl":{"start":{"line":116,"column":4},"end":{"line":118,"column":5}},"loc":{"start":{"line":116,"column":4},"end":{"line":118,"column":5}},"line":116},"8":{"name":"get phone","decl":{"start":{"line":120,"column":4},"end":{"line":122,"column":5}},"loc":{"start":{"line":120,"column":4},"end":{"line":122,"column":5}},"line":120},"9":{"name":"get walletType","decl":{"start":{"line":124,"column":4},"end":{"line":126,"column":5}},"loc":{"start":{"line":124,"column":4},"end":{"line":126,"column":5}},"line":124},"10":{"name":"get createdAt","decl":{"start":{"line":128,"column":4},"end":{"line":130,"column":5}},"loc":{"start":{"line":128,"column":4},"end":{"line":130,"column":5}},"line":128}},"f":{"0":32,"1":43,"2":6,"3":28,"4":34,"5":29,"6":29,"7":27,"8":31,"9":28,"10":1}}
,"/home/arthurgustavo/projects/js-ts/pic-pay/src/domain/wallet/services/create-wallet.ts": {"path":"/home/arthurgustavo/projects/js-ts/pic-pay/src/domain/wallet/services/create-wallet.ts","all":false,"statementMap":{"0":{"start":{"line":1,"column":0},"end":{"line":1,"column":44}},"2":{"start":{"line":3,"column":0},"end":{"line":3,"column":52}},"5":{"start":{"line":6,"column":0},"end":{"line":6,"column":87}},"6":{"start":{"line":7,"column":0},"end":{"line":7,"column":72}},"8":{"start":{"line":9,"column":0},"end":{"line":9,"column":68}},"9":{"start":{"line":10,"column":0},"end":{"line":10,"column":51}},"11":{"start":{"line":12,"column":0},"end":{"line":12,"column":38}},"12":{"start":{"line":13,"column":0},"end":{"line":13,"column":62}},"13":{"start":{"line":14,"column":0},"end":{"line":14,"column":9}},"15":{"start":{"line":16,"column":0},"end":{"line":16,"column":65}},"16":{"start":{"line":17,"column":0},"end":{"line":17,"column":5}},"17":{"start":{"line":18,"column":0},"end":{"line":18,"column":1}}},"s":{"0":1,"2":1,"5":1,"6":1,"8":1,"9":4,"11":4,"12":1,"13":1,"15":3,"16":4,"17":1},"branchMap":{"0":{"type":"branch","line":7,"loc":{"start":{"line":7,"column":4},"end":{"line":7,"column":72}},"locations":[{"start":{"line":7,"column":4},"end":{"line":7,"column":72}}]},"1":{"type":"branch","line":9,"loc":{"start":{"line":9,"column":4},"end":{"line":17,"column":5}},"locations":[{"start":{"line":9,"column":4},"end":{"line":17,"column":5}}]},"2":{"type":"branch","line":12,"loc":{"start":{"line":12,"column":37},"end":{"line":16,"column":65}},"locations":[{"start":{"line":12,"column":37},"end":{"line":16,"column":65}}]},"3":{"type":"branch","line":12,"loc":{"start":{"line":12,"column":37},"end":{"line":14,"column":9}},"locations":[{"start":{"line":12,"column":37},"end":{"line":14,"column":9}}]}},"b":{"0":[4],"1":[4],"2":[3],"3":[1]},"fnMap":{"0":{"name":"CreateWallet","decl":{"start":{"line":7,"column":4},"end":{"line":7,"column":72}},"loc":{"start":{"line":7,"column":4},"end":{"line":7,"column":72}},"line":7},"1":{"name":"execute","decl":{"start":{"line":9,"column":4},"end":{"line":17,"column":5}},"loc":{"start":{"line":9,"column":4},"end":{"line":17,"column":5}},"line":9}},"f":{"0":4,"1":4}}
,"/home/arthurgustavo/projects/js-ts/pic-pay/src/domain/wallet/services/update-wallet.ts": {"path":"/home/arthurgustavo/projects/js-ts/pic-pay/src/domain/wallet/services/update-wallet.ts","all":false,"statementMap":{"0":{"start":{"line":1,"column":0},"end":{"line":1,"column":44}},"10":{"start":{"line":11,"column":0},"end":{"line":11,"column":77}},"11":{"start":{"line":12,"column":0},"end":{"line":12,"column":72}},"13":{"start":{"line":14,"column":0},"end":{"line":14,"column":58}},"14":{"start":{"line":15,"column":0},"end":{"line":15,"column":102}},"16":{"start":{"line":17,"column":0},"end":{"line":17,"column":45}},"17":{"start":{"line":18,"column":0},"end":{"line":18,"column":69}},"18":{"start":{"line":19,"column":0},"end":{"line":19,"column":9}},"20":{"start":{"line":21,"column":0},"end":{"line":21,"column":36}},"21":{"start":{"line":22,"column":0},"end":{"line":22,"column":5}},"22":{"start":{"line":23,"column":0},"end":{"line":23,"column":1}}},"s":{"0":1,"10":1,"11":1,"13":1,"14":2,"16":2,"17":1,"18":1,"20":1,"21":2,"22":1},"branchMap":{"0":{"type":"branch","line":12,"loc":{"start":{"line":12,"column":4},"end":{"line":12,"column":72}},"locations":[{"start":{"line":12,"column":4},"end":{"line":12,"column":72}}]},"1":{"type":"branch","line":14,"loc":{"start":{"line":14,"column":4},"end":{"line":22,"column":5}},"locations":[{"start":{"line":14,"column":4},"end":{"line":22,"column":5}}]},"2":{"type":"branch","line":17,"loc":{"start":{"line":17,"column":44},"end":{"line":21,"column":36}},"locations":[{"start":{"line":17,"column":44},"end":{"line":21,"column":36}}]}},"b":{"0":[2],"1":[2],"2":[1]},"fnMap":{"0":{"name":"UpdateWallet","decl":{"start":{"line":12,"column":4},"end":{"line":12,"column":72}},"loc":{"start":{"line":12,"column":4},"end":{"line":12,"column":72}},"line":12},"1":{"name":"execute","decl":{"start":{"line":14,"column":4},"end":{"line":22,"column":5}},"loc":{"start":{"line":14,"column":4},"end":{"line":22,"column":5}},"line":14}},"f":{"0":2,"1":2}}
,"/home/arthurgustavo/projects/js-ts/pic-pay/src/shared/entity.ts": {"path":"/home/arthurgustavo/projects/js-ts/pic-pay/src/shared/entity.ts","all":false,"statementMap":{"0":{"start":{"line":1,"column":0},"end":{"line":1,"column":41}},"2":{"start":{"line":3,"column":0},"end":{"line":3,"column":23}},"5":{"start":{"line":6,"column":0},"end":{"line":6,"column":30}},"6":{"start":{"line":7,"column":0},"end":{"line":7,"column":38}},"7":{"start":{"line":8,"column":0},"end":{"line":8,"column":5}},"9":{"start":{"line":10,"column":0},"end":{"line":10,"column":14}},"10":{"start":{"line":11,"column":0},"end":{"line":11,"column":24}},"11":{"start":{"line":12,"column":0},"end":{"line":12,"column":5}},"12":{"start":{"line":13,"column":0},"end":{"line":13,"column":1}}},"s":{"0":1,"2":1,"5":1,"6":32,"7":32,"9":1,"10":35,"11":35,"12":1},"branchMap":{"0":{"type":"branch","line":6,"loc":{"start":{"line":6,"column":4},"end":{"line":8,"column":5}},"locations":[{"start":{"line":6,"column":4},"end":{"line":8,"column":5}}]},"1":{"type":"branch","line":7,"loc":{"start":{"line":7,"column":19},"end":{"line":7,"column":38}},"locations":[{"start":{"line":7,"column":19},"end":{"line":7,"column":38}}]},"2":{"type":"branch","line":10,"loc":{"start":{"line":10,"column":4},"end":{"line":12,"column":5}},"locations":[{"start":{"line":10,"column":4},"end":{"line":12,"column":5}}]}},"b":{"0":[32],"1":[18],"2":[35]},"fnMap":{"0":{"name":"Entity","decl":{"start":{"line":6,"column":4},"end":{"line":8,"column":5}},"loc":{"start":{"line":6,"column":4},"end":{"line":8,"column":5}},"line":6},"1":{"name":"get id","decl":{"start":{"line":10,"column":4},"end":{"line":12,"column":5}},"loc":{"start":{"line":10,"column":4},"end":{"line":12,"column":5}},"line":10}},"f":{"0":32,"1":35}}
,"/home/arthurgustavo/projects/js-ts/pic-pay/src/shared/result.ts": {"path":"/home/arthurgustavo/projects/js-ts/pic-pay/src/shared/result.ts","all":false,"statementMap":{"0":{"start":{"line":1,"column":0},"end":{"line":1,"column":32}},"6":{"start":{"line":7,"column":0},"end":{"line":7,"column":72}},"7":{"start":{"line":8,"column":0},"end":{"line":8,"column":33}},"8":{"start":{"line":9,"column":0},"end":{"line":9,"column":28}},"9":{"start":{"line":10,"column":0},"end":{"line":10,"column":86}},"10":{"start":{"line":11,"column":0},"end":{"line":11,"column":14}},"11":{"start":{"line":12,"column":0},"end":{"line":12,"column":9}},"12":{"start":{"line":13,"column":0},"end":{"line":13,"column":35}},"13":{"start":{"line":14,"column":0},"end":{"line":14,"column":28}},"14":{"start":{"line":15,"column":0},"end":{"line":15,"column":86}},"15":{"start":{"line":16,"column":0},"end":{"line":16,"column":14}},"16":{"start":{"line":17,"column":0},"end":{"line":17,"column":9}},"18":{"start":{"line":19,"column":0},"end":{"line":19,"column":35}},"19":{"start":{"line":20,"column":0},"end":{"line":20,"column":36}},"20":{"start":{"line":21,"column":0},"end":{"line":21,"column":27}},"21":{"start":{"line":22,"column":0},"end":{"line":22,"column":33}},"22":{"start":{"line":23,"column":0},"end":{"line":23,"column":28}},"23":{"start":{"line":24,"column":0},"end":{"line":24,"column":5}},"25":{"start":{"line":26,"column":0},"end":{"line":26,"column":20}},"26":{"start":{"line":27,"column":0},"end":{"line":27,"column":30}},"27":{"start":{"line":28,"column":0},"end":{"line":28,"column":76}},"28":{"start":{"line":29,"column":0},"end":{"line":29,"column":9}},"30":{"start":{"line":31,"column":0},"end":{"line":31,"column":27}},"31":{"start":{"line":32,"column":0},"end":{"line":32,"column":5}},"33":{"start":{"line":34,"column":0},"end":{"line":34,"column":47}},"34":{"start":{"line":35,"column":0},"end":{"line":35,"column":53}},"35":{"start":{"line":36,"column":0},"end":{"line":36,"column":5}},"37":{"start":{"line":38,"column":0},"end":{"line":38,"column":53}},"38":{"start":{"line":39,"column":0},"end":{"line":39,"column":43}},"39":{"start":{"line":40,"column":0},"end":{"line":40,"column":5}},"41":{"start":{"line":42,"column":0},"end":{"line":42,"column":36}},"42":{"start":{"line":43,"column":0},"end":{"line":43,"column":26}},"43":{"start":{"line":44,"column":0},"end":{"line":44,"column":89}},"44":{"start":{"line":45,"column":0},"end":{"line":45,"column":9}},"46":{"start":{"line":47,"column":0},"end":{"line":47,"column":36}},"47":{"start":{"line":48,"column":0},"end":{"line":48,"column":5}},"48":{"start":{"line":49,"column":0},"end":{"line":49,"column":1}}},"s":{"0":1,"6":1,"7":119,"8":1,"9":1,"10":1,"11":1,"12":119,"13":1,"14":1,"15":1,"16":1,"18":117,"19":117,"20":117,"21":117,"22":117,"23":119,"25":1,"26":110,"27":1,"28":1,"30":109,"31":110,"33":1,"34":65,"35":65,"37":1,"38":52,"39":52,"41":1,"42":30,"43":1,"44":1,"46":29,"47":30,"48":1},"branchMap":{"0":{"type":"branch","line":7,"loc":{"start":{"line":7,"column":12},"end":{"line":24,"column":5}},"locations":[{"start":{"line":7,"column":12},"end":{"line":24,"column":5}}]},"1":{"type":"branch","line":8,"loc":{"start":{"line":8,"column":12},"end":{"line":8,"column":32}},"locations":[{"start":{"line":8,"column":12},"end":{"line":8,"column":32}}]},"2":{"type":"branch","line":8,"loc":{"start":{"line":8,"column":32},"end":{"line":12,"column":9}},"locations":[{"start":{"line":8,"column":32},"end":{"line":12,"column":9}}]},"3":{"type":"branch","line":12,"loc":{"start":{"line":12,"column":8},"end":{"line":13,"column":26}},"locations":[{"start":{"line":12,"column":8},"end":{"line":13,"column":26}}]},"4":{"type":"branch","line":13,"loc":{"start":{"line":13,"column":13},"end":{"line":13,"column":34}},"locations":[{"start":{"line":13,"column":13},"end":{"line":13,"column":34}}]},"5":{"type":"branch","line":13,"loc":{"start":{"line":13,"column":34},"end":{"line":17,"column":9}},"locations":[{"start":{"line":13,"column":34},"end":{"line":17,"column":9}}]},"6":{"type":"branch","line":17,"loc":{"start":{"line":17,"column":8},"end":{"line":23,"column":28}},"locations":[{"start":{"line":17,"column":8},"end":{"line":23,"column":28}}]},"7":{"type":"branch","line":26,"loc":{"start":{"line":26,"column":4},"end":{"line":32,"column":5}},"locations":[{"start":{"line":26,"column":4},"end":{"line":32,"column":5}}]},"8":{"type":"branch","line":27,"loc":{"start":{"line":27,"column":29},"end":{"line":29,"column":9}},"locations":[{"start":{"line":27,"column":29},"end":{"line":29,"column":9}}]},"9":{"type":"branch","line":29,"loc":{"start":{"line":29,"column":8},"end":{"line":31,"column":27}},"locations":[{"start":{"line":29,"column":8},"end":{"line":31,"column":27}}]},"10":{"type":"branch","line":34,"loc":{"start":{"line":34,"column":18},"end":{"line":36,"column":5}},"locations":[{"start":{"line":34,"column":18},"end":{"line":36,"column":5}}]},"11":{"type":"branch","line":38,"loc":{"start":{"line":38,"column":18},"end":{"line":40,"column":5}},"locations":[{"start":{"line":38,"column":18},"end":{"line":40,"column":5}}]},"12":{"type":"branch","line":42,"loc":{"start":{"line":42,"column":11},"end":{"line":48,"column":5}},"locations":[{"start":{"line":42,"column":11},"end":{"line":48,"column":5}}]},"13":{"type":"branch","line":43,"loc":{"start":{"line":43,"column":25},"end":{"line":47,"column":36}},"locations":[{"start":{"line":43,"column":25},"end":{"line":47,"column":36}}]},"14":{"type":"branch","line":43,"loc":{"start":{"line":43,"column":25},"end":{"line":45,"column":9}},"locations":[{"start":{"line":43,"column":25},"end":{"line":45,"column":9}}]}},"b":{"0":[119],"1":[66],"2":[1],"3":[118],"4":[53],"5":[1],"6":[117],"7":[110],"8":[1],"9":[109],"10":[65],"11":[52],"12":[30],"13":[29],"14":[1]},"fnMap":{"0":{"name":"Result","decl":{"start":{"line":7,"column":12},"end":{"line":24,"column":5}},"loc":{"start":{"line":7,"column":12},"end":{"line":24,"column":5}},"line":7},"1":{"name":"get value","decl":{"start":{"line":26,"column":4},"end":{"line":32,"column":5}},"loc":{"start":{"line":26,"column":4},"end":{"line":32,"column":5}},"line":26},"2":{"name":"ok","decl":{"start":{"line":34,"column":18},"end":{"line":36,"column":5}},"loc":{"start":{"line":34,"column":18},"end":{"line":36,"column":5}},"line":34},"3":{"name":"fail","decl":{"start":{"line":38,"column":18},"end":{"line":40,"column":5}},"loc":{"start":{"line":38,"column":18},"end":{"line":40,"column":5}},"line":38},"4":{"name":"getErrorValue","decl":{"start":{"line":42,"column":11},"end":{"line":48,"column":5}},"loc":{"start":{"line":42,"column":11},"end":{"line":48,"column":5}},"line":42}},"f":{"0":119,"1":110,"2":65,"3":52,"4":30}}
,"/home/arthurgustavo/projects/js-ts/pic-pay/src/shared/use-case.ts": {"path":"/home/arthurgustavo/projects/js-ts/pic-pay/src/shared/use-case.ts","all":false,"statementMap":{"2":{"start":{"line":3,"column":0},"end":{"line":3,"column":78}},"4":{"start":{"line":5,"column":0},"end":{"line":5,"column":1}}},"s":{"2":1,"4":1},"branchMap":{},"b":{},"fnMap":{},"f":{}}
,"/home/arthurgustavo/projects/js-ts/pic-pay/src/types/index.ts": {"path":"/home/arthurgustavo/projects/js-ts/pic-pay/src/types/index.ts","all":true,"statementMap":{},"s":{},"branchMap":{"0":{"type":"branch","line":1,"loc":{"start":{"line":1,"column":0},"end":{"line":1,"column":0}},"locations":[{"start":{"line":1,"column":0},"end":{"line":1,"column":0}}]}},"b":{"0":[1]},"fnMap":{"0":{"name":"(empty-report)","decl":{"start":{"line":1,"column":0},"end":{"line":1,"column":0}},"loc":{"start":{"line":1,"column":0},"end":{"line":1,"column":0}},"line":1}},"f":{"0":1}}
,"/home/arthurgustavo/projects/js-ts/pic-pay/src/utils/index.ts": {"path":"/home/arthurgustavo/projects/js-ts/pic-pay/src/utils/index.ts","all":false,"statementMap":{"0":{"start":{"line":1,"column":0},"end":{"line":1,"column":46}}},"s":{"0":1},"branchMap":{},"b":{},"fnMap":{},"f":{}}
,"/home/arthurgustavo/projects/js-ts/pic-pay/src/utils/isValidBalance.ts": {"path":"/home/arthurgustavo/projects/js-ts/pic-pay/src/utils/isValidBalance.ts","all":false,"statementMap":{"0":{"start":{"line":1,"column":0},"end":{"line":1,"column":49}},"1":{"start":{"line":2,"column":0},"end":{"line":2,"column":24}},"2":{"start":{"line":3,"column":0},"end":{"line":3,"column":1}}},"s":{"0":1,"1":43,"2":43},"branchMap":{"0":{"type":"branch","line":1,"loc":{"start":{"line":1,"column":7},"end":{"line":3,"column":1}},"locations":[{"start":{"line":1,"column":7},"end":{"line":3,"column":1}}]}},"b":{"0":[43]},"fnMap":{"0":{"name":"isValidBalance","decl":{"start":{"line":1,"column":7},"end":{"line":3,"column":1}},"loc":{"start":{"line":1,"column":7},"end":{"line":3,"column":1}},"line":1}},"f":{"0":43}}
,"/home/arthurgustavo/projects/js-ts/pic-pay/src/utils/isValidCpf.ts": {"path":"/home/arthurgustavo/projects/js-ts/pic-pay/src/utils/isValidCpf.ts","all":false,"statementMap":{"0":{"start":{"line":1,"column":0},"end":{"line":1,"column":41}},"1":{"start":{"line":2,"column":0},"end":{"line":2,"column":27}},"3":{"start":{"line":4,"column":0},"end":{"line":4,"column":37}},"5":{"start":{"line":6,"column":0},"end":{"line":6,"column":40}},"7":{"start":{"line":8,"column":0},"end":{"line":8,"column":25}},"8":{"start":{"line":9,"column":0},"end":{"line":9,"column":52}},"9":{"start":{"line":10,"column":0},"end":{"line":10,"column":52}},"10":{"start":{"line":11,"column":0},"end":{"line":11,"column":66}},"11":{"start":{"line":12,"column":0},"end":{"line":12,"column":6}},"13":{"start":{"line":14,"column":0},"end":{"line":14,"column":48}},"15":{"start":{"line":16,"column":0},"end":{"line":16,"column":61}},"16":{"start":{"line":17,"column":0},"end":{"line":17,"column":20}},"17":{"start":{"line":18,"column":0},"end":{"line":18,"column":42}},"18":{"start":{"line":19,"column":0},"end":{"line":19,"column":62}},"19":{"start":{"line":20,"column":0},"end":{"line":20,"column":9}},"20":{"start":{"line":21,"column":0},"end":{"line":21,"column":42}},"21":{"start":{"line":22,"column":0},"end":{"line":22,"column":45}},"22":{"start":{"line":23,"column":0},"end":{"line":23,"column":6}},"24":{"start":{"line":25,"column":0},"end":{"line":25,"column":46}},"25":{"start":{"line":26,"column":0},"end":{"line":26,"column":61}},"27":{"start":{"line":28,"column":0},"end":{"line":28,"column":48}},"28":{"start":{"line":29,"column":0},"end":{"line":29,"column":63}},"30":{"start":{"line":31,"column":0},"end":{"line":31,"column":16}},"31":{"start":{"line":32,"column":0},"end":{"line":32,"column":1}}},"s":{"0":1,"1":69,"3":66,"5":69,"7":58,"8":58,"9":58,"10":58,"11":58,"13":69,"15":48,"16":95,"17":95,"18":902,"19":902,"20":95,"21":95,"22":95,"24":48,"25":69,"27":47,"28":69,"30":46,"31":46},"branchMap":{"0":{"type":"branch","line":1,"loc":{"start":{"line":1,"column":7},"end":{"line":32,"column":1}},"locations":[{"start":{"line":1,"column":7},"end":{"line":32,"column":1}}]},"1":{"type":"branch","line":2,"loc":{"start":{"line":2,"column":14},"end":{"line":2,"column":27}},"locations":[{"start":{"line":2,"column":14},"end":{"line":2,"column":27}}]},"2":{"type":"branch","line":2,"loc":{"start":{"line":2,"column":21},"end":{"line":6,"column":34}},"locations":[{"start":{"line":2,"column":21},"end":{"line":6,"column":34}}]},"3":{"type":"branch","line":6,"loc":{"start":{"line":6,"column":27},"end":{"line":6,"column":40}},"locations":[{"start":{"line":6,"column":27},"end":{"line":6,"column":40}}]},"4":{"type":"branch","line":6,"loc":{"start":{"line":6,"column":34},"end":{"line":14,"column":42}},"locations":[{"start":{"line":6,"column":34},"end":{"line":14,"column":42}}]},"5":{"type":"branch","line":14,"loc":{"start":{"line":14,"column":35},"end":{"line":14,"column":48}},"locations":[{"start":{"line":14,"column":35},"end":{"line":14,"column":48}}]},"6":{"type":"branch","line":14,"loc":{"start":{"line":14,"column":42},"end":{"line":26,"column":55}},"locations":[{"start":{"line":14,"column":42},"end":{"line":26,"column":55}}]},"7":{"type":"branch","line":26,"loc":{"start":{"line":26,"column":48},"end":{"line":26,"column":61}},"locations":[{"start":{"line":26,"column":48},"end":{"line":26,"column":61}}]},"8":{"type":"branch","line":26,"loc":{"start":{"line":26,"column":55},"end":{"line":29,"column":57}},"locations":[{"start":{"line":26,"column":55},"end":{"line":29,"column":57}}]},"9":{"type":"branch","line":29,"loc":{"start":{"line":29,"column":50},"end":{"line":29,"column":63}},"locations":[{"start":{"line":29,"column":50},"end":{"line":29,"column":63}}]},"10":{"type":"branch","line":29,"loc":{"start":{"line":29,"column":57},"end":{"line":32,"column":1}},"locations":[{"start":{"line":29,"column":57},"end":{"line":32,"column":1}}]},"11":{"type":"branch","line":16,"loc":{"start":{"line":16,"column":27},"end":{"line":23,"column":6}},"locations":[{"start":{"line":16,"column":27},"end":{"line":23,"column":6}}]},"12":{"type":"branch","line":18,"loc":{"start":{"line":18,"column":41},"end":{"line":20,"column":9}},"locations":[{"start":{"line":18,"column":41},"end":{"line":20,"column":9}}]},"13":{"type":"branch","line":22,"loc":{"start":{"line":22,"column":27},"end":{"line":22,"column":35}},"locations":[{"start":{"line":22,"column":27},"end":{"line":22,"column":35}}]},"14":{"type":"branch","line":22,"loc":{"start":{"line":22,"column":31},"end":{"line":22,"column":45}},"locations":[{"start":{"line":22,"column":31},"end":{"line":22,"column":45}}]}},"b":{"0":[69],"1":[3],"2":[66],"3":[8],"4":[58],"5":[10],"6":[48],"7":[1],"8":[47],"9":[1],"10":[46],"11":[95],"12":[902],"13":[78],"14":[17]},"fnMap":{"0":{"name":"isValidCpf","decl":{"start":{"line":1,"column":7},"end":{"line":32,"column":1}},"loc":{"start":{"line":1,"column":7},"end":{"line":32,"column":1}},"line":1},"1":{"name":"calculateDigit","decl":{"start":{"line":16,"column":27},"end":{"line":23,"column":6}},"loc":{"start":{"line":16,"column":27},"end":{"line":23,"column":6}},"line":16}},"f":{"0":69,"1":95}}
,"/home/arthurgustavo/projects/js-ts/pic-pay/src/utils/isValidPhone.ts": {"path":"/home/arthurgustavo/projects/js-ts/pic-pay/src/utils/isValidPhone.ts","all":false,"statementMap":{"0":{"start":{"line":1,"column":0},"end":{"line":1,"column":45}},"1":{"start":{"line":2,"column":0},"end":{"line":2,"column":15}},"2":{"start":{"line":3,"column":0},"end":{"line":3,"column":21}},"3":{"start":{"line":4,"column":0},"end":{"line":4,"column":41}},"4":{"start":{"line":5,"column":0},"end":{"line":5,"column":28}},"5":{"start":{"line":6,"column":0},"end":{"line":6,"column":21}},"6":{"start":{"line":7,"column":0},"end":{"line":7,"column":16}},"7":{"start":{"line":8,"column":0},"end":{"line":8,"column":1}}},"s":{"0":1,"1":39,"2":39,"3":38,"4":38,"5":38,"6":33,"7":33},"branchMap":{"0":{"type":"branch","line":1,"loc":{"start":{"line":1,"column":7},"end":{"line":8,"column":1}},"locations":[{"start":{"line":1,"column":7},"end":{"line":8,"column":1}}]},"1":{"type":"branch","line":3,"loc":{"start":{"line":3,"column":8},"end":{"line":3,"column":21}},"locations":[{"start":{"line":3,"column":8},"end":{"line":3,"column":21}}]},"2":{"type":"branch","line":3,"loc":{"start":{"line":3,"column":15},"end":{"line":8,"column":1}},"locations":[{"start":{"line":3,"column":15},"end":{"line":8,"column":1}}]},"3":{"type":"branch","line":6,"loc":{"start":{"line":6,"column":8},"end":{"line":6,"column":21}},"locations":[{"start":{"line":6,"column":8},"end":{"line":6,"column":21}}]},"4":{"type":"branch","line":6,"loc":{"start":{"line":6,"column":15},"end":{"line":8,"column":1}},"locations":[{"start":{"line":6,"column":15},"end":{"line":8,"column":1}}]}},"b":{"0":[39],"1":[1],"2":[38],"3":[5],"4":[33]},"fnMap":{"0":{"name":"isValidPhone","decl":{"start":{"line":1,"column":7},"end":{"line":8,"column":1}},"loc":{"start":{"line":1,"column":7},"end":{"line":8,"column":1}},"line":1}},"f":{"0":39}}
,"/home/arthurgustavo/projects/js-ts/pic-pay/src/utils/wallet-repository-mock.ts": {"path":"/home/arthurgustavo/projects/js-ts/pic-pay/src/utils/wallet-repository-mock.ts","all":false,"statementMap":{"0":{"start":{"line":1,"column":0},"end":{"line":1,"column":96}},"2":{"start":{"line":3,"column":0},"end":{"line":3,"column":38}},"4":{"start":{"line":5,"column":0},"end":{"line":5,"column":41}},"5":{"start":{"line":6,"column":0},"end":{"line":6,"column":71}},"6":{"start":{"line":7,"column":0},"end":{"line":7,"column":41}},"7":{"start":{"line":8,"column":0},"end":{"line":8,"column":5}},"9":{"start":{"line":10,"column":0},"end":{"line":10,"column":42}},"10":{"start":{"line":11,"column":0},"end":{"line":11,"column":16}},"11":{"start":{"line":12,"column":0},"end":{"line":12,"column":26}},"12":{"start":{"line":13,"column":0},"end":{"line":13,"column":38}},"13":{"start":{"line":14,"column":0},"end":{"line":14,"column":28}},"14":{"start":{"line":15,"column":0},"end":{"line":15,"column":32}},"15":{"start":{"line":16,"column":0},"end":{"line":16,"column":32}},"16":{"start":{"line":17,"column":0},"end":{"line":17,"column":36}},"17":{"start":{"line":18,"column":0},"end":{"line":18,"column":38}},"18":{"start":{"line":19,"column":0},"end":{"line":19,"column":42}},"19":{"start":{"line":20,"column":0},"end":{"line":20,"column":10}},"20":{"start":{"line":21,"column":0},"end":{"line":21,"column":5}},"21":{"start":{"line":22,"column":0},"end":{"line":22,"column":1}},"24":{"start":{"line":25,"column":0},"end":{"line":25,"column":71}},"25":{"start":{"line":26,"column":0},"end":{"line":26,"column":49}},"27":{"start":{"line":28,"column":0},"end":{"line":28,"column":76}},"28":{"start":{"line":29,"column":0},"end":{"line":29,"column":70}},"30":{"start":{"line":31,"column":0},"end":{"line":31,"column":37}},"31":{"start":{"line":32,"column":0},"end":{"line":32,"column":56}},"32":{"start":{"line":33,"column":0},"end":{"line":33,"column":9}},"34":{"start":{"line":35,"column":0},"end":{"line":35,"column":53}},"36":{"start":{"line":37,"column":0},"end":{"line":37,"column":31}},"37":{"start":{"line":38,"column":0},"end":{"line":38,"column":55}},"38":{"start":{"line":39,"column":0},"end":{"line":39,"column":9}},"40":{"start":{"line":41,"column":0},"end":{"line":41,"column":78}},"42":{"start":{"line":43,"column":0},"end":{"line":43,"column":34}},"44":{"start":{"line":45,"column":0},"end":{"line":45,"column":39}},"46":{"start":{"line":47,"column":0},"end":{"line":47,"column":5}},"48":{"start":{"line":49,"column":0},"end":{"line":49,"column":86}},"49":{"start":{"line":50,"column":0},"end":{"line":50,"column":57}},"51":{"start":{"line":52,"column":0},"end":{"line":52,"column":41}},"52":{"start":{"line":53,"column":0},"end":{"line":53,"column":51}},"53":{"start":{"line":54,"column":0},"end":{"line":54,"column":9}},"55":{"start":{"line":56,"column":0},"end":{"line":56,"column":46}},"57":{"start":{"line":58,"column":0},"end":{"line":58,"column":48}},"58":{"start":{"line":59,"column":0},"end":{"line":59,"column":60}},"59":{"start":{"line":60,"column":0},"end":{"line":60,"column":48}},"60":{"start":{"line":61,"column":0},"end":{"line":61,"column":54}},"61":{"start":{"line":62,"column":0},"end":{"line":62,"column":63}},"62":{"start":{"line":63,"column":0},"end":{"line":63,"column":63}},"63":{"start":{"line":64,"column":0},"end":{"line":64,"column":54}},"64":{"start":{"line":65,"column":0},"end":{"line":65,"column":69}},"65":{"start":{"line":66,"column":0},"end":{"line":66,"column":10}},"67":{"start":{"line":68,"column":0},"end":{"line":68,"column":56}},"69":{"start":{"line":70,"column":0},"end":{"line":70,"column":31}},"70":{"start":{"line":71,"column":0},"end":{"line":71,"column":55}},"71":{"start":{"line":72,"column":0},"end":{"line":72,"column":9}},"73":{"start":{"line":74,"column":0},"end":{"line":74,"column":82}},"75":{"start":{"line":76,"column":0},"end":{"line":76,"column":39}},"76":{"start":{"line":77,"column":0},"end":{"line":77,"column":5}},"78":{"start":{"line":79,"column":0},"end":{"line":79,"column":53}},"79":{"start":{"line":80,"column":0},"end":{"line":80,"column":47}},"81":{"start":{"line":82,"column":0},"end":{"line":82,"column":31}},"82":{"start":{"line":83,"column":0},"end":{"line":83,"column":51}},"83":{"start":{"line":84,"column":0},"end":{"line":84,"column":9}},"86":{"start":{"line":87,"column":0},"end":{"line":87,"column":74}},"88":{"start":{"line":89,"column":0},"end":{"line":89,"column":39}},"90":{"start":{"line":91,"column":0},"end":{"line":91,"column":27}},"91":{"start":{"line":92,"column":0},"end":{"line":92,"column":5}},"93":{"start":{"line":94,"column":0},"end":{"line":94,"column":57}},"94":{"start":{"line":95,"column":0},"end":{"line":95,"column":69}},"96":{"start":{"line":97,"column":0},"end":{"line":97,"column":22}},"97":{"start":{"line":98,"column":0},"end":{"line":98,"column":51}},"98":{"start":{"line":99,"column":0},"end":{"line":99,"column":9}},"100":{"start":{"line":101,"column":0},"end":{"line":101,"column":78}},"102":{"start":{"line":103,"column":0},"end":{"line":103,"column":39}},"104":{"start":{"line":105,"column":0},"end":{"line":105,"column":5}},"106":{"start":{"line":107,"column":0},"end":{"line":107,"column":59}},"107":{"start":{"line":108,"column":0},"end":{"line":108,"column":71}},"109":{"start":{"line":110,"column":0},"end":{"line":110,"column":22}},"110":{"start":{"line":111,"column":0},"end":{"line":111,"column":51}},"111":{"start":{"line":112,"column":0},"end":{"line":112,"column":9}},"113":{"start":{"line":114,"column":0},"end":{"line":114,"column":78}},"115":{"start":{"line":116,"column":0},"end":{"line":116,"column":39}},"116":{"start":{"line":117,"column":0},"end":{"line":117,"column":5}},"118":{"start":{"line":119,"column":0},"end":{"line":119,"column":63}},"119":{"start":{"line":120,"column":0},"end":{"line":120,"column":75}},"121":{"start":{"line":122,"column":0},"end":{"line":122,"column":22}},"122":{"start":{"line":123,"column":0},"end":{"line":123,"column":51}},"123":{"start":{"line":124,"column":0},"end":{"line":124,"column":9}},"125":{"start":{"line":126,"column":0},"end":{"line":126,"column":78}},"127":{"start":{"line":128,"column":0},"end":{"line":128,"column":39}},"128":{"start":{"line":129,"column":0},"end":{"line":129,"column":5}},"130":{"start":{"line":131,"column":0},"end":{"line":131,"column":63}},"131":{"start":{"line":132,"column":0},"end":{"line":132,"column":75}},"133":{"start":{"line":134,"column":0},"end":{"line":134,"column":22}},"134":{"start":{"line":135,"column":0},"end":{"line":135,"column":51}},"135":{"start":{"line":136,"column":0},"end":{"line":136,"column":9}},"137":{"start":{"line":138,"column":0},"end":{"line":138,"column":78}},"139":{"start":{"line":140,"column":0},"end":{"line":140,"column":39}},"140":{"start":{"line":141,"column":0},"end":{"line":141,"column":5}},"142":{"start":{"line":143,"column":0},"end":{"line":143,"column":1}}},"s":{"0":1,"2":1,"4":1,"5":1,"6":12,"7":12,"9":1,"10":16,"11":16,"12":16,"13":16,"14":16,"15":16,"16":16,"17":16,"18":16,"19":16,"20":16,"21":1,"24":24,"25":24,"27":1,"28":18,"30":18,"31":1,"32":1,"34":17,"36":18,"37":3,"38":3,"40":14,"42":14,"44":14,"46":18,"48":1,"49":7,"51":7,"52":1,"53":1,"55":6,"57":6,"58":7,"59":7,"60":7,"61":7,"62":7,"63":7,"64":7,"65":7,"67":7,"69":7,"70":4,"71":4,"73":2,"75":2,"76":7,"78":1,"79":2,"81":2,"82":1,"83":1,"86":1,"88":1,"90":1,"91":2,"93":1,"94":11,"96":11,"97":3,"98":3,"100":8,"102":8,"104":11,"106":1,"107":20,"109":20,"110":18,"111":18,"113":2,"115":2,"116":20,"118":1,"119":2,"121":2,"122":1,"123":1,"125":1,"127":1,"128":2,"130":1,"131":2,"133":2,"134":1,"135":1,"137":1,"139":1,"140":2,"142":1},"branchMap":{"0":{"type":"branch","line":6,"loc":{"start":{"line":6,"column":11},"end":{"line":8,"column":5}},"locations":[{"start":{"line":6,"column":11},"end":{"line":8,"column":5}}]},"1":{"type":"branch","line":10,"loc":{"start":{"line":10,"column":11},"end":{"line":21,"column":5}},"locations":[{"start":{"line":10,"column":11},"end":{"line":21,"column":5}}]},"2":{"type":"branch","line":25,"loc":{"start":{"line":25,"column":0},"end":{"line":26,"column":49}},"locations":[{"start":{"line":25,"column":0},"end":{"line":26,"column":49}}]},"3":{"type":"branch","line":28,"loc":{"start":{"line":28,"column":4},"end":{"line":47,"column":5}},"locations":[{"start":{"line":28,"column":4},"end":{"line":47,"column":5}}]},"4":{"type":"branch","line":31,"loc":{"start":{"line":31,"column":36},"end":{"line":33,"column":9}},"locations":[{"start":{"line":31,"column":36},"end":{"line":33,"column":9}}]},"5":{"type":"branch","line":33,"loc":{"start":{"line":33,"column":8},"end":{"line":37,"column":30}},"locations":[{"start":{"line":33,"column":8},"end":{"line":37,"column":30}}]},"6":{"type":"branch","line":37,"loc":{"start":{"line":37,"column":30},"end":{"line":39,"column":9}},"locations":[{"start":{"line":37,"column":30},"end":{"line":39,"column":9}}]},"7":{"type":"branch","line":39,"loc":{"start":{"line":39,"column":8},"end":{"line":45,"column":39}},"locations":[{"start":{"line":39,"column":8},"end":{"line":45,"column":39}}]},"8":{"type":"branch","line":49,"loc":{"start":{"line":49,"column":4},"end":{"line":77,"column":5}},"locations":[{"start":{"line":49,"column":4},"end":{"line":77,"column":5}}]},"9":{"type":"branch","line":52,"loc":{"start":{"line":52,"column":40},"end":{"line":54,"column":9}},"locations":[{"start":{"line":52,"column":40},"end":{"line":54,"column":9}}]},"10":{"type":"branch","line":54,"loc":{"start":{"line":54,"column":8},"end":{"line":59,"column":45}},"locations":[{"start":{"line":54,"column":8},"end":{"line":59,"column":45}}]},"11":{"type":"branch","line":59,"loc":{"start":{"line":59,"column":34},"end":{"line":59,"column":60}},"locations":[{"start":{"line":59,"column":34},"end":{"line":59,"column":60}}]},"12":{"type":"branch","line":60,"loc":{"start":{"line":60,"column":30},"end":{"line":60,"column":48}},"locations":[{"start":{"line":60,"column":30},"end":{"line":60,"column":48}}]},"13":{"type":"branch","line":61,"loc":{"start":{"line":61,"column":32},"end":{"line":61,"column":54}},"locations":[{"start":{"line":61,"column":32},"end":{"line":61,"column":54}}]},"14":{"type":"branch","line":62,"loc":{"start":{"line":62,"column":35},"end":{"line":62,"column":63}},"locations":[{"start":{"line":62,"column":35},"end":{"line":62,"column":63}}]},"15":{"type":"branch","line":63,"loc":{"start":{"line":63,"column":35},"end":{"line":63,"column":63}},"locations":[{"start":{"line":63,"column":35},"end":{"line":63,"column":63}}]},"16":{"type":"branch","line":64,"loc":{"start":{"line":64,"column":32},"end":{"line":64,"column":54}},"locations":[{"start":{"line":64,"column":32},"end":{"line":64,"column":54}}]},"17":{"type":"branch","line":65,"loc":{"start":{"line":65,"column":37},"end":{"line":65,"column":69}},"locations":[{"start":{"line":65,"column":37},"end":{"line":65,"column":69}}]},"18":{"type":"branch","line":70,"loc":{"start":{"line":70,"column":30},"end":{"line":76,"column":39}},"locations":[{"start":{"line":70,"column":30},"end":{"line":76,"column":39}}]},"19":{"type":"branch","line":70,"loc":{"start":{"line":70,"column":30},"end":{"line":72,"column":9}},"locations":[{"start":{"line":70,"column":30},"end":{"line":72,"column":9}}]},"20":{"type":"branch","line":72,"loc":{"start":{"line":72,"column":8},"end":{"line":76,"column":39}},"locations":[{"start":{"line":72,"column":8},"end":{"line":76,"column":39}}]},"21":{"type":"branch","line":79,"loc":{"start":{"line":79,"column":4},"end":{"line":92,"column":5}},"locations":[{"start":{"line":79,"column":4},"end":{"line":92,"column":5}}]},"22":{"type":"branch","line":82,"loc":{"start":{"line":82,"column":30},"end":{"line":91,"column":27}},"locations":[{"start":{"line":82,"column":30},"end":{"line":91,"column":27}}]},"23":{"type":"branch","line":87,"loc":{"start":{"line":87,"column":46},"end":{"line":87,"column":72}},"locations":[{"start":{"line":87,"column":46},"end":{"line":87,"column":72}}]},"24":{"type":"branch","line":94,"loc":{"start":{"line":94,"column":4},"end":{"line":105,"column":5}},"locations":[{"start":{"line":94,"column":4},"end":{"line":105,"column":5}}]},"25":{"type":"branch","line":97,"loc":{"start":{"line":97,"column":21},"end":{"line":99,"column":9}},"locations":[{"start":{"line":97,"column":21},"end":{"line":99,"column":9}}]},"26":{"type":"branch","line":99,"loc":{"start":{"line":99,"column":8},"end":{"line":103,"column":39}},"locations":[{"start":{"line":99,"column":8},"end":{"line":103,"column":39}}]},"27":{"type":"branch","line":95,"loc":{"start":{"line":95,"column":41},"end":{"line":95,"column":67}},"locations":[{"start":{"line":95,"column":41},"end":{"line":95,"column":67}}]},"28":{"type":"branch","line":107,"loc":{"start":{"line":107,"column":4},"end":{"line":117,"column":5}},"locations":[{"start":{"line":107,"column":4},"end":{"line":117,"column":5}}]},"29":{"type":"branch","line":110,"loc":{"start":{"line":110,"column":21},"end":{"line":112,"column":9}},"locations":[{"start":{"line":110,"column":21},"end":{"line":112,"column":9}}]},"30":{"type":"branch","line":112,"loc":{"start":{"line":112,"column":8},"end":{"line":116,"column":39}},"locations":[{"start":{"line":112,"column":8},"end":{"line":116,"column":39}}]},"31":{"type":"branch","line":108,"loc":{"start":{"line":108,"column":41},"end":{"line":108,"column":69}},"locations":[{"start":{"line":108,"column":41},"end":{"line":108,"column":69}}]},"32":{"type":"branch","line":119,"loc":{"start":{"line":119,"column":4},"end":{"line":129,"column":5}},"locations":[{"start":{"line":119,"column":4},"end":{"line":129,"column":5}}]},"33":{"type":"branch","line":122,"loc":{"start":{"line":122,"column":21},"end":{"line":128,"column":39}},"locations":[{"start":{"line":122,"column":21},"end":{"line":128,"column":39}}]},"34":{"type":"branch","line":120,"loc":{"start":{"line":120,"column":41},"end":{"line":120,"column":73}},"locations":[{"start":{"line":120,"column":41},"end":{"line":120,"column":73}}]},"35":{"type":"branch","line":131,"loc":{"start":{"line":131,"column":4},"end":{"line":141,"column":5}},"locations":[{"start":{"line":131,"column":4},"end":{"line":141,"column":5}}]},"36":{"type":"branch","line":134,"loc":{"start":{"line":134,"column":21},"end":{"line":140,"column":39}},"locations":[{"start":{"line":134,"column":21},"end":{"line":140,"column":39}}]},"37":{"type":"branch","line":132,"loc":{"start":{"line":132,"column":41},"end":{"line":132,"column":73}},"locations":[{"start":{"line":132,"column":41},"end":{"line":132,"column":73}}]}},"b":{"0":[12],"1":[16],"2":[24],"3":[18],"4":[1],"5":[17],"6":[3],"7":[14],"8":[7],"9":[1],"10":[6],"11":[2],"12":[3],"13":[4],"14":[4],"15":[4],"16":[3],"17":[4],"18":[6],"19":[4],"20":[2],"21":[2],"22":[1],"23":[1],"24":[11],"25":[3],"26":[8],"27":[8],"28":[20],"29":[18],"30":[2],"31":[2],"32":[2],"33":[1],"34":[1],"35":[2],"36":[1],"37":[1]},"fnMap":{"0":{"name":"toDomain","decl":{"start":{"line":6,"column":11},"end":{"line":8,"column":5}},"loc":{"start":{"line":6,"column":11},"end":{"line":8,"column":5}},"line":6},"1":{"name":"toPersistence","decl":{"start":{"line":10,"column":11},"end":{"line":21,"column":5}},"loc":{"start":{"line":10,"column":11},"end":{"line":21,"column":5}},"line":10},"2":{"name":"WalletRepositoryMock","decl":{"start":{"line":25,"column":0},"end":{"line":26,"column":49}},"loc":{"start":{"line":25,"column":0},"end":{"line":26,"column":49}},"line":25},"3":{"name":"create","decl":{"start":{"line":28,"column":4},"end":{"line":47,"column":5}},"loc":{"start":{"line":28,"column":4},"end":{"line":47,"column":5}},"line":28},"4":{"name":"update","decl":{"start":{"line":49,"column":4},"end":{"line":77,"column":5}},"loc":{"start":{"line":49,"column":4},"end":{"line":77,"column":5}},"line":49},"5":{"name":"delete","decl":{"start":{"line":79,"column":4},"end":{"line":92,"column":5}},"loc":{"start":{"line":79,"column":4},"end":{"line":92,"column":5}},"line":79},"6":{"name":"findById","decl":{"start":{"line":94,"column":4},"end":{"line":105,"column":5}},"loc":{"start":{"line":94,"column":4},"end":{"line":105,"column":5}},"line":94},"7":{"name":"findByCpf","decl":{"start":{"line":107,"column":4},"end":{"line":117,"column":5}},"loc":{"start":{"line":107,"column":4},"end":{"line":117,"column":5}},"line":107},"8":{"name":"findByEmail","decl":{"start":{"line":119,"column":4},"end":{"line":129,"column":5}},"loc":{"start":{"line":119,"column":4},"end":{"line":129,"column":5}},"line":119},"9":{"name":"findByPhone","decl":{"start":{"line":131,"column":4},"end":{"line":141,"column":5}},"loc":{"start":{"line":131,"column":4},"end":{"line":141,"column":5}},"line":131}},"f":{"0":12,"1":16,"2":24,"3":18,"4":7,"5":2,"6":11,"7":20,"8":2,"9":2}}
}
