TN:
SF:src/domain/authorize/authorizer-service.ts
FN:12,(anonymous_7)
FN:16,(anonymous_8)
FNF:2
FNH:2
FNDA:2,(anonymous_7)
FNDA:2,(anonymous_8)
DA:1,1
DA:13,2
DA:17,2
DA:19,2
DA:21,1
DA:25,1
LF:6
LH:6
BRDA:19,0,0,1
BRF:1
BRH:1
end_of_record
TN:
SF:src/domain/transaction/transaction.ts
FN:15,(anonymous_0)
FN:26,(anonymous_1)
FN:30,(anonymous_2)
FN:34,(anonymous_3)
FNF:4
FNH:4
FNDA:2,(anonymous_0)
FNDA:1,(anonymous_1)
FNDA:1,(anonymous_2)
FNDA:1,(anonymous_3)
DA:1,2
DA:13,2
DA:19,2
DA:21,2
DA:22,2
DA:23,2
DA:27,1
DA:31,1
DA:35,1
DA:39,2
LF:10
LH:10
BRF:0
BRH:0
end_of_record
TN:
SF:src/domain/wallet/wallet-service.ts
FN:8,(anonymous_7)
FN:12,(anonymous_8)
FN:24,(anonymous_10)
FNF:3
FNH:3
FNDA:1,(anonymous_7)
FNDA:2,(anonymous_8)
FNDA:1,(anonymous_10)
DA:1,1
DA:2,1
DA:9,1
DA:13,2
DA:15,2
DA:17,2
DA:28,1
DA:30,1
DA:38,1
LF:9
LH:9
BRF:0
BRH:0
end_of_record
TN:
SF:src/domain/wallet/wallet.ts
FN:15,(anonymous_0)
FN:30,(anonymous_1)
FN:54,(anonymous_2)
FN:58,(anonymous_3)
FN:62,(anonymous_4)
FN:66,(anonymous_5)
FN:70,(anonymous_6)
FN:74,(anonymous_7)
FN:78,(anonymous_8)
FN:82,(anonymous_9)
FNF:10
FNH:10
FNDA:3,(anonymous_0)
FNDA:13,(anonymous_1)
FNDA:11,(anonymous_2)
FNDA:9,(anonymous_3)
FNDA:7,(anonymous_4)
FNDA:5,(anonymous_5)
FNDA:7,(anonymous_6)
FNDA:9,(anonymous_7)
FNDA:7,(anonymous_8)
FNDA:1,(anonymous_9)
DA:1,3
DA:15,3
DA:16,3
DA:17,3
DA:28,13
DA:42,13
DA:44,13
DA:45,13
DA:46,13
DA:47,13
DA:48,13
DA:49,13
DA:50,13
DA:51,13
DA:55,11
DA:59,9
DA:63,7
DA:67,5
DA:71,7
DA:75,9
DA:79,7
DA:83,1
DA:87,3
LF:23
LH:23
BRDA:15,0,0,3
BRDA:15,0,1,3
BRF:2
BRH:2
end_of_record
TN:
SF:src/shared/entity.ts
FN:6,(anonymous_0)
FN:10,(anonymous_1)
FNF:2
FNH:2
FNDA:15,(anonymous_0)
FNDA:32,(anonymous_1)
DA:1,5
DA:7,15
DA:11,32
DA:15,5
LF:4
LH:4
BRDA:7,0,0,3
BRDA:7,0,1,12
BRDA:7,1,0,15
BRDA:7,1,1,15
BRF:4
BRH:4
end_of_record
TN:
SF:src/types/index.ts
FN:1,(anonymous_0)
FN:7,(anonymous_1)
FNF:2
FNH:2
FNDA:2,(anonymous_0)
FNDA:2,(anonymous_1)
DA:1,2
DA:2,2
DA:3,2
DA:4,2
DA:7,2
DA:8,2
DA:9,2
DA:10,2
DA:11,2
DA:12,2
DA:13,2
LF:11
LH:11
BRDA:1,0,0,2
BRDA:1,0,1,2
BRDA:7,1,0,2
BRDA:7,1,1,2
BRF:4
BRH:4
end_of_record
